<?xml version="1.0" encoding="UTF-8"?>
<coverage generated="1760871327567" clover="3.2.0">
  <project timestamp="1760871327567" name="All files">
    <metrics statements="685" coveredstatements="474" conditionals="298" coveredconditionals="173" methods="110" coveredmethods="78" elements="1093" coveredelements="725" complexity="0" loc="685" ncloc="685" packages="5" files="10" classes="10"/>
    <package name="controllers">
      <metrics statements="83" coveredstatements="33" conditionals="30" coveredconditionals="5" methods="6" coveredmethods="1"/>
      <file name="authController.js" path="C:\Users\Admin\Desktop\backend\Data\controllers\authController.js">
        <metrics statements="83" coveredstatements="33" conditionals="30" coveredconditionals="5" methods="6" coveredmethods="1"/>
        <line num="6" count="1" type="stmt"/>
        <line num="7" count="1" type="stmt"/>
        <line num="8" count="1" type="stmt"/>
        <line num="9" count="1" type="stmt"/>
        <line num="10" count="1" type="stmt"/>
        <line num="18" count="1" type="stmt"/>
        <line num="19" count="40" type="stmt"/>
        <line num="21" count="40" type="stmt"/>
        <line num="22" count="40" type="cond" truecount="1" falsecount="1"/>
        <line num="23" count="0" type="stmt"/>
        <line num="30" count="40" type="stmt"/>
        <line num="33" count="40" type="stmt"/>
        <line num="34" count="16" type="cond" truecount="2" falsecount="0"/>
        <line num="35" count="8" type="stmt"/>
        <line num="40" count="8" type="stmt"/>
        <line num="47" count="8" type="stmt"/>
        <line num="48" count="7" type="cond" truecount="2" falsecount="0"/>
        <line num="49" count="6" type="stmt"/>
        <line num="54" count="6" type="stmt"/>
        <line num="61" count="1" type="stmt"/>
        <line num="64" count="1" type="stmt"/>
        <line num="71" count="1" type="stmt"/>
        <line num="74" count="1" type="stmt"/>
        <line num="81" count="1" type="stmt"/>
        <line num="91" count="1" type="stmt"/>
        <line num="93" count="1" type="stmt"/>
        <line num="102" count="3" type="stmt"/>
        <line num="104" count="3" type="stmt"/>
        <line num="117" count="1" type="stmt"/>
        <line num="118" count="0" type="stmt"/>
        <line num="120" count="0" type="cond" truecount="0" falsecount="2"/>
        <line num="121" count="0" type="stmt"/>
        <line num="125" count="0" type="stmt"/>
        <line num="132" count="0" type="stmt"/>
        <line num="134" count="0" type="stmt"/>
        <line num="148" count="1" type="stmt"/>
        <line num="149" count="0" type="stmt"/>
        <line num="150" count="0" type="cond" truecount="0" falsecount="2"/>
        <line num="151" count="0" type="cond" truecount="0" falsecount="2"/>
        <line num="154" count="0" type="stmt"/>
        <line num="159" count="0" type="cond" truecount="0" falsecount="2"/>
        <line num="160" count="0" type="stmt"/>
        <line num="164" count="0" type="stmt"/>
        <line num="172" count="0" type="stmt"/>
        <line num="180" count="0" type="stmt"/>
        <line num="183" count="0" type="cond" truecount="0" falsecount="2"/>
        <line num="184" count="0" type="stmt"/>
        <line num="187" count="0" type="stmt"/>
        <line num="192" count="0" type="stmt"/>
        <line num="195" count="0" type="stmt"/>
        <line num="197" count="0" type="stmt"/>
        <line num="210" count="1" type="stmt"/>
        <line num="211" count="0" type="stmt"/>
        <line num="212" count="0" type="cond" truecount="0" falsecount="2"/>
        <line num="213" count="0" type="stmt"/>
        <line num="229" count="0" type="stmt"/>
        <line num="235" count="0" type="stmt"/>
        <line num="237" count="0" type="stmt"/>
        <line num="250" count="1" type="stmt"/>
        <line num="251" count="0" type="stmt"/>
        <line num="252" count="0" type="cond" truecount="0" falsecount="2"/>
        <line num="253" count="0" type="stmt"/>
        <line num="260" count="0" type="stmt"/>
        <line num="261" count="0" type="cond" truecount="0" falsecount="2"/>
        <line num="262" count="0" type="stmt"/>
        <line num="268" count="0" type="stmt"/>
        <line num="271" count="0" type="stmt"/>
        <line num="278" count="0" type="stmt"/>
        <line num="280" count="0" type="stmt"/>
        <line num="285" count="0" type="stmt"/>
        <line num="293" count="0" type="stmt"/>
        <line num="295" count="0" type="stmt"/>
        <line num="308" count="1" type="stmt"/>
        <line num="309" count="0" type="stmt"/>
        <line num="310" count="0" type="cond" truecount="0" falsecount="2"/>
        <line num="311" count="0" type="stmt"/>
        <line num="317" count="0" type="stmt"/>
        <line num="318" count="0" type="cond" truecount="0" falsecount="2"/>
        <line num="319" count="0" type="stmt"/>
        <line num="325" count="0" type="stmt"/>
        <line num="342" count="0" type="stmt"/>
        <line num="344" count="0" type="stmt"/>
        <line num="351" count="1" type="stmt"/>
      </file>
    </package>
    <package name="middlewares">
      <metrics statements="269" coveredstatements="180" conditionals="164" coveredconditionals="108" methods="37" coveredmethods="32"/>
      <file name="authCheckUser.js" path="C:\Users\Admin\Desktop\backend\Data\middlewares\authCheckUser.js">
        <metrics statements="53" coveredstatements="9" conditionals="30" coveredconditionals="1" methods="4" coveredmethods="1"/>
        <line num="6" count="1" type="stmt"/>
        <line num="15" count="1" type="stmt"/>
        <line num="16" count="12" type="stmt"/>
        <line num="18" count="12" type="cond" truecount="1" falsecount="1"/>
        <line num="19" count="12" type="stmt"/>
        <line num="26" count="0" type="cond" truecount="0" falsecount="2"/>
        <line num="27" count="0" type="stmt"/>
        <line num="36" count="0" type="cond" truecount="0" falsecount="2"/>
        <line num="37" count="0" type="stmt"/>
        <line num="42" count="0" type="stmt"/>
        <line num="44" count="0" type="stmt"/>
        <line num="46" count="0" type="stmt"/>
        <line num="57" count="1" type="stmt"/>
        <line num="58" count="0" type="stmt"/>
        <line num="60" count="0" type="cond" truecount="0" falsecount="2"/>
        <line num="61" count="0" type="stmt"/>
        <line num="68" count="0" type="cond" truecount="0" falsecount="2"/>
        <line num="69" count="0" type="stmt"/>
        <line num="78" count="0" type="cond" truecount="0" falsecount="2"/>
        <line num="79" count="0" type="stmt"/>
        <line num="82" count="0" type="stmt"/>
        <line num="84" count="0" type="stmt"/>
        <line num="86" count="0" type="stmt"/>
        <line num="97" count="1" type="stmt"/>
        <line num="98" count="0" type="stmt"/>
        <line num="100" count="0" type="cond" truecount="0" falsecount="2"/>
        <line num="101" count="0" type="stmt"/>
        <line num="107" count="0" type="cond" truecount="0" falsecount="2"/>
        <line num="108" count="0" type="stmt"/>
        <line num="111" count="0" type="cond" truecount="0" falsecount="2"/>
        <line num="112" count="0" type="cond" truecount="0" falsecount="2"/>
        <line num="113" count="0" type="stmt"/>
        <line num="115" count="0" type="stmt"/>
        <line num="119" count="0" type="cond" truecount="0" falsecount="2"/>
        <line num="120" count="0" type="cond" truecount="0" falsecount="2"/>
        <line num="121" count="0" type="stmt"/>
        <line num="123" count="0" type="stmt"/>
        <line num="127" count="0" type="stmt"/>
        <line num="134" count="0" type="stmt"/>
        <line num="136" count="0" type="stmt"/>
        <line num="147" count="1" type="stmt"/>
        <line num="148" count="0" type="stmt"/>
        <line num="150" count="0" type="cond" truecount="0" falsecount="2"/>
        <line num="151" count="0" type="stmt"/>
        <line num="158" count="0" type="cond" truecount="0" falsecount="2"/>
        <line num="159" count="0" type="stmt"/>
        <line num="164" count="0" type="stmt"/>
        <line num="166" count="0" type="cond" truecount="0" falsecount="2"/>
        <line num="167" count="0" type="stmt"/>
        <line num="175" count="0" type="stmt"/>
        <line num="177" count="0" type="stmt"/>
        <line num="179" count="0" type="stmt"/>
        <line num="186" count="1" type="stmt"/>
      </file>
      <file name="authVerifyToken.js" path="C:\Users\Admin\Desktop\backend\Data\middlewares\authVerifyToken.js">
        <metrics statements="35" coveredstatements="5" conditionals="18" coveredconditionals="0" methods="2" coveredmethods="0"/>
        <line num="6" count="1" type="stmt"/>
        <line num="7" count="1" type="stmt"/>
        <line num="15" count="1" type="stmt"/>
        <line num="16" count="0" type="stmt"/>
        <line num="19" count="0" type="cond" truecount="0" falsecount="2"/>
        <line num="21" count="0" type="cond" truecount="0" falsecount="2"/>
        <line num="22" count="0" type="stmt"/>
        <line num="29" count="0" type="stmt"/>
        <line num="30" count="0" type="cond" truecount="0" falsecount="2"/>
        <line num="32" count="0" type="stmt"/>
        <line num="33" count="0" type="stmt"/>
        <line num="40" count="0" type="stmt"/>
        <line num="41" count="0" type="cond" truecount="0" falsecount="2"/>
        <line num="43" count="0" type="stmt"/>
        <line num="44" count="0" type="stmt"/>
        <line num="51" count="0" type="stmt"/>
        <line num="60" count="0" type="cond" truecount="0" falsecount="2"/>
        <line num="61" count="0" type="stmt"/>
        <line num="64" count="0" type="stmt"/>
        <line num="66" count="0" type="stmt"/>
        <line num="69" count="0" type="stmt"/>
        <line num="71" count="0" type="stmt"/>
        <line num="82" count="1" type="stmt"/>
        <line num="83" count="0" type="stmt"/>
        <line num="85" count="0" type="cond" truecount="0" falsecount="2"/>
        <line num="87" count="0" type="cond" truecount="0" falsecount="2"/>
        <line num="88" count="0" type="stmt"/>
        <line num="89" count="0" type="cond" truecount="0" falsecount="2"/>
        <line num="90" count="0" type="stmt"/>
        <line num="91" count="0" type="cond" truecount="0" falsecount="2"/>
        <line num="92" count="0" type="stmt"/>
        <line num="103" count="0" type="stmt"/>
        <line num="106" count="0" type="stmt"/>
        <line num="107" count="0" type="stmt"/>
        <line num="111" count="1" type="stmt"/>
      </file>
      <file name="errorHandler.js" path="C:\Users\Admin\Desktop\backend\Data\middlewares\errorHandler.js">
        <metrics statements="69" coveredstatements="69" conditionals="44" coveredconditionals="40" methods="13" coveredmethods="13"/>
        <line num="6" count="1" type="stmt"/>
        <line num="15" count="1" type="stmt"/>
        <line num="16" count="2" type="cond" truecount="2" falsecount="0"/>
        <line num="18" count="2" type="stmt"/>
        <line num="24" count="1" type="stmt"/>
        <line num="27" count="2" type="stmt"/>
        <line num="30" count="1" type="stmt"/>
        <line num="38" count="1" type="stmt"/>
        <line num="48" count="1" type="stmt"/>
        <line num="49" count="4" type="cond" truecount="4" falsecount="0"/>
        <line num="50" count="3" type="stmt"/>
        <line num="51" count="3" type="stmt"/>
        <line num="54" count="3" type="cond" truecount="3" falsecount="0"/>
        <line num="56" count="1" type="stmt"/>
        <line num="57" count="1" type="stmt"/>
        <line num="58" count="1" type="stmt"/>
        <line num="60" count="1" type="stmt"/>
        <line num="61" count="1" type="stmt"/>
        <line num="62" count="1" type="stmt"/>
        <line num="64" count="1" type="stmt"/>
        <line num="65" count="1" type="stmt"/>
        <line num="68" count="3" type="stmt"/>
        <line num="76" count="3" type="stmt"/>
        <line num="83" count="3" type="stmt"/>
        <line num="91" count="1" type="stmt"/>
        <line num="101" count="1" type="stmt"/>
        <line num="102" count="3" type="cond" truecount="2" falsecount="0"/>
        <line num="103" count="1" type="stmt"/>
        <line num="110" count="1" type="stmt"/>
        <line num="117" count="2" type="cond" truecount="2" falsecount="0"/>
        <line num="118" count="1" type="stmt"/>
        <line num="124" count="1" type="stmt"/>
        <line num="131" count="1" type="stmt"/>
        <line num="141" count="1" type="stmt"/>
        <line num="142" count="2" type="cond" truecount="4" falsecount="0"/>
        <line num="143" count="1" type="stmt"/>
        <line num="151" count="1" type="stmt"/>
        <line num="159" count="1" type="stmt"/>
        <line num="169" count="1" type="stmt"/>
        <line num="172" count="2" type="cond" truecount="4" falsecount="0"/>
        <line num="173" count="1" type="stmt"/>
        <line num="180" count="1" type="stmt"/>
        <line num="188" count="1" type="stmt"/>
        <line num="198" count="1" type="stmt"/>
        <line num="199" count="3" type="cond" truecount="2" falsecount="0"/>
        <line num="200" count="1" type="stmt"/>
        <line num="207" count="2" type="cond" truecount="2" falsecount="0"/>
        <line num="208" count="1" type="stmt"/>
        <line num="215" count="1" type="stmt"/>
        <line num="225" count="1" type="stmt"/>
        <line num="227" count="3" type="stmt"/>
        <line num="239" count="3" type="stmt"/>
        <line num="250" count="3" type="cond" truecount="2" falsecount="0"/>
        <line num="254" count="1" type="stmt"/>
        <line num="258" count="3" type="cond" truecount="2" falsecount="0"/>
        <line num="260" count="3" type="cond" truecount="1" falsecount="1"/>
        <line num="264" count="3" type="stmt"/>
        <line num="281" count="1" type="stmt"/>
        <line num="282" count="2" type="stmt"/>
        <line num="283" count="2" type="stmt"/>
        <line num="293" count="1" type="stmt"/>
        <line num="294" count="1" type="stmt"/>
        <line num="302" count="1" type="stmt"/>
        <line num="318" count="1" type="stmt"/>
        <line num="319" count="2" type="cond" truecount="2" falsecount="0"/>
        <line num="320" count="1" type="stmt"/>
        <line num="327" count="1" type="stmt"/>
        <line num="334" count="1" type="stmt"/>
        <line num="337" count="1" type="stmt"/>
      </file>
      <file name="securitySanitize.js" path="C:\Users\Admin\Desktop\backend\Data\middlewares\securitySanitize.js">
        <metrics statements="112" coveredstatements="97" conditionals="72" coveredconditionals="67" methods="18" coveredmethods="18"/>
        <line num="6" count="1" type="stmt"/>
        <line num="8" count="1" type="stmt"/>
        <line num="9" count="1" type="stmt"/>
        <line num="11" count="1" type="stmt"/>
        <line num="12" count="1" type="stmt"/>
        <line num="13" count="25" type="stmt"/>
        <line num="22" count="1" type="stmt"/>
        <line num="23" count="27" type="cond" truecount="2" falsecount="0"/>
        <line num="26" count="22" type="stmt"/>
        <line num="29" count="22" type="stmt"/>
        <line num="35" count="22" type="stmt"/>
        <line num="38" count="22" type="stmt"/>
        <line num="41" count="22" type="stmt"/>
        <line num="43" count="22" type="stmt"/>
        <line num="51" count="1" type="stmt"/>
        <line num="52" count="5" type="cond" truecount="2" falsecount="0"/>
        <line num="54" count="3" type="stmt"/>
        <line num="81" count="1" type="stmt"/>
        <line num="82" count="11" type="cond" truecount="4" falsecount="0"/>
        <line num="84" count="6" type="cond" truecount="2" falsecount="0"/>
        <line num="85" count="3" type="stmt"/>
        <line num="88" count="5" type="stmt"/>
        <line num="89" count="5" type="stmt"/>
        <line num="90" count="12" type="cond" truecount="2" falsecount="0"/>
        <line num="92" count="8" type="cond" truecount="2" falsecount="0"/>
        <line num="96" count="2" type="stmt"/>
        <line num="98" count="6" type="stmt"/>
        <line num="100" count="4" type="cond" truecount="2" falsecount="0"/>
        <line num="101" count="1" type="stmt"/>
        <line num="103" count="3" type="stmt"/>
        <line num="107" count="5" type="stmt"/>
        <line num="116" count="1" type="stmt"/>
        <line num="117" count="3" type="stmt"/>
        <line num="118" count="3" type="cond" truecount="4" falsecount="0"/>
        <line num="119" count="2" type="stmt"/>
        <line num="121" count="2" type="cond" truecount="1" falsecount="1"/>
        <line num="122" count="0" type="stmt"/>
        <line num="126" count="3" type="stmt"/>
        <line num="128" count="0" type="stmt"/>
        <line num="130" count="0" type="stmt"/>
        <line num="143" count="1" type="stmt"/>
        <line num="144" count="3" type="stmt"/>
        <line num="145" count="3" type="cond" truecount="4" falsecount="0"/>
        <line num="146" count="2" type="stmt"/>
        <line num="147" count="4" type="cond" truecount="1" falsecount="1"/>
        <line num="148" count="4" type="stmt"/>
        <line num="152" count="2" type="cond" truecount="1" falsecount="1"/>
        <line num="153" count="0" type="stmt"/>
        <line num="157" count="3" type="stmt"/>
        <line num="159" count="0" type="stmt"/>
        <line num="160" count="0" type="stmt"/>
        <line num="170" count="1" type="stmt"/>
        <line num="171" count="3" type="stmt"/>
        <line num="172" count="3" type="cond" truecount="4" falsecount="0"/>
        <line num="173" count="2" type="stmt"/>
        <line num="174" count="3" type="cond" truecount="1" falsecount="1"/>
        <line num="175" count="3" type="stmt"/>
        <line num="179" count="2" type="cond" truecount="1" falsecount="1"/>
        <line num="180" count="0" type="stmt"/>
        <line num="184" count="3" type="stmt"/>
        <line num="186" count="0" type="stmt"/>
        <line num="187" count="0" type="stmt"/>
        <line num="197" count="1" type="stmt"/>
        <line num="198" count="3" type="stmt"/>
        <line num="200" count="3" type="stmt"/>
        <line num="202" count="3" type="stmt"/>
        <line num="203" count="9" type="stmt"/>
        <line num="204" count="9" type="cond" truecount="4" falsecount="0"/>
        <line num="206" count="6" type="stmt"/>
        <line num="207" count="6" type="cond" truecount="2" falsecount="0"/>
        <line num="208" count="4" type="stmt"/>
        <line num="216" count="3" type="stmt"/>
        <line num="218" count="0" type="stmt"/>
        <line num="219" count="0" type="stmt"/>
        <line num="229" count="1" type="stmt"/>
        <line num="230" count="6" type="stmt"/>
        <line num="231" count="6" type="stmt"/>
        <line num="239" count="6" type="stmt"/>
        <line num="240" count="49" type="stmt"/>
        <line num="243" count="6" type="stmt"/>
        <line num="244" count="28" type="cond" truecount="2" falsecount="0"/>
        <line num="245" count="12" type="stmt"/>
        <line num="247" count="16" type="cond" truecount="4" falsecount="0"/>
        <line num="248" count="15" type="stmt"/>
        <line num="249" count="13" type="cond" truecount="2" falsecount="0"/>
        <line num="252" count="13" type="stmt"/>
        <line num="256" count="6" type="cond" truecount="2" falsecount="0"/>
        <line num="261" count="3" type="stmt"/>
        <line num="271" count="3" type="stmt"/>
        <line num="277" count="3" type="stmt"/>
        <line num="279" count="0" type="stmt"/>
        <line num="280" count="0" type="stmt"/>
        <line num="290" count="1" type="stmt"/>
        <line num="291" count="9" type="stmt"/>
        <line num="292" count="9" type="stmt"/>
        <line num="308" count="9" type="stmt"/>
        <line num="309" count="99" type="stmt"/>
        <line num="312" count="9" type="stmt"/>
        <line num="313" count="28" type="cond" truecount="2" falsecount="0"/>
        <line num="314" count="13" type="stmt"/>
        <line num="316" count="15" type="cond" truecount="4" falsecount="0"/>
        <line num="317" count="14" type="stmt"/>
        <line num="318" count="14" type="cond" truecount="2" falsecount="0"/>
        <line num="321" count="8" type="stmt"/>
        <line num="324" count="9" type="cond" truecount="2" falsecount="0"/>
        <line num="329" count="7" type="stmt"/>
        <line num="336" count="7" type="stmt"/>
        <line num="342" count="2" type="stmt"/>
        <line num="344" count="0" type="stmt"/>
        <line num="345" count="0" type="stmt"/>
        <line num="353" count="1" type="stmt"/>
        <line num="362" count="1" type="stmt"/>
      </file>
    </package>
    <package name="models">
      <metrics statements="227" coveredstatements="168" conditionals="73" coveredconditionals="38" methods="49" coveredmethods="31"/>
      <file name="CreateNewUser.js" path="C:\Users\Admin\Desktop\backend\Data\models\CreateNewUser.js">
        <metrics statements="101" coveredstatements="89" conditionals="30" coveredconditionals="27" methods="18" coveredmethods="17"/>
        <line num="6" count="2" type="stmt"/>
        <line num="7" count="2" type="stmt"/>
        <line num="12" count="2" type="stmt"/>
        <line num="162" count="2" type="stmt"/>
        <line num="163" count="2" type="stmt"/>
        <line num="164" count="2" type="stmt"/>
        <line num="165" count="2" type="stmt"/>
        <line num="166" count="2" type="stmt"/>
        <line num="167" count="2" type="stmt"/>
        <line num="168" count="2" type="stmt"/>
        <line num="177" count="0" type="stmt"/>
        <line num="178" count="0" type="stmt"/>
        <line num="179" count="0" type="stmt"/>
        <line num="180" count="0" type="stmt"/>
        <line num="181" count="0" type="stmt"/>
        <line num="182" count="0" type="stmt"/>
        <line num="183" count="0" type="stmt"/>
        <line num="192" count="2" type="stmt"/>
        <line num="193" count="6" type="stmt"/>
        <line num="201" count="2" type="stmt"/>
        <line num="202" count="4" type="cond" truecount="2" falsecount="0"/>
        <line num="204" count="3" type="stmt"/>
        <line num="205" count="3" type="stmt"/>
        <line num="206" count="3" type="stmt"/>
        <line num="207" count="3" type="stmt"/>
        <line num="209" count="3" type="cond" truecount="1" falsecount="1"/>
        <line num="210" count="0" type="cond" truecount="0" falsecount="2"/>
        <line num="212" count="0" type="stmt"/>
        <line num="213" count="0" type="stmt"/>
        <line num="219" count="2" type="stmt"/>
        <line num="220" count="68" type="stmt"/>
        <line num="222" count="68" type="cond" truecount="2" falsecount="0"/>
        <line num="223" count="65" type="stmt"/>
        <line num="227" count="68" type="cond" truecount="4" falsecount="0"/>
        <line num="228" count="65" type="stmt"/>
        <line num="229" count="65" type="stmt"/>
        <line num="235" count="68" type="cond" truecount="4" falsecount="0"/>
        <line num="236" count="65" type="stmt"/>
        <line num="237" count="65" type="stmt"/>
        <line num="242" count="68" type="stmt"/>
        <line num="244" count="0" type="stmt"/>
        <line num="251" count="2" type="stmt"/>
        <line num="254" count="2" type="stmt"/>
        <line num="255" count="2" type="stmt"/>
        <line num="259" count="2" type="stmt"/>
        <line num="261" count="0" type="stmt"/>
        <line num="268" count="2" type="stmt"/>
        <line num="269" count="2" type="cond" truecount="2" falsecount="0"/>
        <line num="270" count="1" type="stmt"/>
        <line num="273" count="1" type="stmt"/>
        <line num="275" count="1" type="stmt"/>
        <line num="286" count="2" type="stmt"/>
        <line num="289" count="1" type="stmt"/>
        <line num="292" count="1" type="stmt"/>
        <line num="298" count="2" type="stmt"/>
        <line num="301" count="1" type="stmt"/>
        <line num="304" count="1" type="stmt"/>
        <line num="310" count="2" type="stmt"/>
        <line num="311" count="3" type="cond" truecount="2" falsecount="0"/>
        <line num="312" count="1" type="stmt"/>
        <line num="315" count="2" type="cond" truecount="2" falsecount="0"/>
        <line num="316" count="1" type="stmt"/>
        <line num="319" count="1" type="stmt"/>
        <line num="320" count="1" type="stmt"/>
        <line num="321" count="1" type="stmt"/>
        <line num="323" count="1" type="stmt"/>
        <line num="329" count="2" type="stmt"/>
        <line num="330" count="3" type="cond" truecount="2" falsecount="0"/>
        <line num="331" count="1" type="stmt"/>
        <line num="334" count="2" type="cond" truecount="2" falsecount="0"/>
        <line num="335" count="1" type="stmt"/>
        <line num="338" count="1" type="stmt"/>
        <line num="339" count="1" type="stmt"/>
        <line num="340" count="1" type="stmt"/>
        <line num="342" count="1" type="stmt"/>
        <line num="348" count="2" type="cond" truecount="1" falsecount="0"/>
        <line num="349" count="2" type="stmt"/>
        <line num="350" count="2" type="stmt"/>
        <line num="351" count="2" type="stmt"/>
        <line num="352" count="2" type="stmt"/>
        <line num="358" count="2" type="stmt"/>
        <line num="359" count="1" type="stmt"/>
        <line num="360" count="1" type="stmt"/>
        <line num="366" count="2" type="stmt"/>
        <line num="367" count="3" type="stmt"/>
        <line num="373" count="2" type="stmt"/>
        <line num="374" count="2" type="stmt"/>
        <line num="380" count="2" type="stmt"/>
        <line num="381" count="2" type="stmt"/>
        <line num="387" count="2" type="stmt"/>
        <line num="388" count="1" type="stmt"/>
        <line num="397" count="1" type="stmt"/>
        <line num="399" count="3" type="stmt"/>
        <line num="400" count="3" type="stmt"/>
        <line num="409" count="2" type="stmt"/>
        <line num="410" count="2" type="stmt"/>
        <line num="411" count="2" type="stmt"/>
        <line num="412" count="2" type="stmt"/>
        <line num="413" count="2" type="stmt"/>
        <line num="414" count="2" type="stmt"/>
        <line num="419" count="2" type="stmt"/>
      </file>
      <file name="TrackingUserForLogout.js" path="C:\Users\Admin\Desktop\backend\Data\models\TrackingUserForLogout.js">
        <metrics statements="69" coveredstatements="26" conditionals="31" coveredconditionals="0" methods="17" coveredmethods="0"/>
        <line num="6" count="1" type="stmt"/>
        <line num="11" count="1" type="stmt"/>
        <line num="173" count="1" type="stmt"/>
        <line num="174" count="0" type="stmt"/>
        <line num="180" count="1" type="stmt"/>
        <line num="181" count="0" type="stmt"/>
        <line num="187" count="1" type="stmt"/>
        <line num="189" count="0" type="stmt"/>
        <line num="195" count="1" type="stmt"/>
        <line num="197" count="0" type="stmt"/>
        <line num="203" count="1" type="stmt"/>
        <line num="204" count="0" type="stmt"/>
        <line num="210" count="1" type="stmt"/>
        <line num="211" count="0" type="stmt"/>
        <line num="217" count="1" type="stmt"/>
        <line num="219" count="0" type="cond" truecount="0" falsecount="5"/>
        <line num="220" count="0" type="stmt"/>
        <line num="221" count="0" type="stmt"/>
        <line num="224" count="0" type="stmt"/>
        <line num="230" count="1" type="stmt"/>
        <line num="234" count="0" type="stmt"/>
        <line num="237" count="0" type="cond" truecount="0" falsecount="4"/>
        <line num="238" count="0" type="stmt"/>
        <line num="250" count="1" type="stmt"/>
        <line num="251" count="0" type="cond" truecount="0" falsecount="2"/>
        <line num="253" count="0" type="stmt"/>
        <line num="256" count="0" type="cond" truecount="0" falsecount="2"/>
        <line num="261" count="0" type="stmt"/>
        <line num="262" count="0" type="cond" truecount="0" falsecount="4"/>
        <line num="263" count="0" type="stmt"/>
        <line num="265" count="0" type="stmt"/>
        <line num="269" count="0" type="cond" truecount="0" falsecount="2"/>
        <line num="270" count="0" type="stmt"/>
        <line num="271" count="0" type="cond" truecount="0" falsecount="2"/>
        <line num="272" count="0" type="stmt"/>
        <line num="273" count="0" type="cond" truecount="0" falsecount="2"/>
        <line num="274" count="0" type="stmt"/>
        <line num="275" count="0" type="cond" truecount="0" falsecount="2"/>
        <line num="276" count="0" type="stmt"/>
        <line num="278" count="0" type="stmt"/>
        <line num="285" count="1" type="stmt"/>
        <line num="289" count="0" type="stmt"/>
        <line num="295" count="1" type="stmt"/>
        <line num="297" count="0" type="stmt"/>
        <line num="308" count="0" type="stmt"/>
        <line num="309" count="0" type="stmt"/>
        <line num="314" count="0" type="stmt"/>
        <line num="321" count="1" type="stmt"/>
        <line num="324" count="0" type="stmt"/>
        <line num="326" count="0" type="stmt"/>
        <line num="339" count="1" type="stmt"/>
        <line num="342" count="0" type="stmt"/>
        <line num="344" count="0" type="stmt"/>
        <line num="359" count="0" type="stmt"/>
        <line num="360" count="0" type="stmt"/>
        <line num="361" count="0" type="stmt"/>
        <line num="368" count="1" type="stmt"/>
        <line num="369" count="0" type="stmt"/>
        <line num="382" count="0" type="stmt"/>
        <line num="392" count="1" type="stmt"/>
        <line num="393" count="1" type="stmt"/>
        <line num="394" count="1" type="stmt"/>
        <line num="395" count="1" type="stmt"/>
        <line num="396" count="1" type="stmt"/>
        <line num="397" count="1" type="stmt"/>
        <line num="398" count="1" type="stmt"/>
        <line num="399" count="1" type="stmt"/>
        <line num="400" count="1" type="stmt"/>
        <line num="405" count="1" type="stmt"/>
      </file>
      <file name="User.js" path="C:\Users\Admin\Desktop\backend\Data\models\User.js">
        <metrics statements="57" coveredstatements="53" conditionals="12" coveredconditionals="11" methods="14" coveredmethods="14"/>
        <line num="7" count="2" type="stmt"/>
        <line num="8" count="2" type="stmt"/>
        <line num="13" count="2" type="stmt"/>
        <line num="82" count="2" type="stmt"/>
        <line num="83" count="2" type="stmt"/>
        <line num="84" count="2" type="stmt"/>
        <line num="93" count="2" type="stmt"/>
        <line num="94" count="2" type="stmt"/>
        <line num="95" count="2" type="stmt"/>
        <line num="105" count="2" type="stmt"/>
        <line num="106" count="9" type="cond" truecount="2" falsecount="0"/>
        <line num="107" count="8" type="cond" truecount="2" falsecount="0"/>
        <line num="108" count="3" type="cond" truecount="2" falsecount="0"/>
        <line num="109" count="2" type="cond" truecount="2" falsecount="0"/>
        <line num="110" count="1" type="stmt"/>
        <line num="117" count="2" type="stmt"/>
        <line num="118" count="75" type="stmt"/>
        <line num="120" count="75" type="cond" truecount="1" falsecount="1"/>
        <line num="121" count="0" type="stmt"/>
        <line num="125" count="75" type="stmt"/>
        <line num="126" count="75" type="stmt"/>
        <line num="128" count="0" type="stmt"/>
        <line num="136" count="2" type="stmt"/>
        <line num="137" count="6" type="stmt"/>
        <line num="138" count="6" type="stmt"/>
        <line num="141" count="6" type="cond" truecount="2" falsecount="0"/>
        <line num="143" count="2" type="stmt"/>
        <line num="144" count="2" type="stmt"/>
        <line num="147" count="6" type="stmt"/>
        <line num="149" count="0" type="stmt"/>
        <line num="157" count="2" type="stmt"/>
        <line num="158" count="2" type="stmt"/>
        <line num="159" count="2" type="stmt"/>
        <line num="163" count="2" type="stmt"/>
        <line num="165" count="0" type="stmt"/>
        <line num="173" count="2" type="stmt"/>
        <line num="174" count="3" type="stmt"/>
        <line num="176" count="3" type="stmt"/>
        <line num="188" count="2" type="stmt"/>
        <line num="189" count="2" type="stmt"/>
        <line num="196" count="2" type="stmt"/>
        <line num="197" count="2" type="stmt"/>
        <line num="204" count="2" type="stmt"/>
        <line num="205" count="3" type="stmt"/>
        <line num="212" count="2" type="stmt"/>
        <line num="213" count="1" type="stmt"/>
        <line num="220" count="2" type="stmt"/>
        <line num="221" count="1" type="stmt"/>
        <line num="228" count="2" type="stmt"/>
        <line num="229" count="1" type="stmt"/>
        <line num="238" count="1" type="stmt"/>
        <line num="240" count="2" type="stmt"/>
        <line num="241" count="2" type="stmt"/>
        <line num="250" count="2" type="stmt"/>
        <line num="251" count="2" type="stmt"/>
        <line num="252" count="2" type="stmt"/>
        <line num="257" count="2" type="stmt"/>
      </file>
    </package>
    <package name="utils">
      <metrics statements="84" coveredstatements="82" conditionals="21" coveredconditionals="21" methods="13" coveredmethods="13"/>
      <file name="auth.js" path="C:\Users\Admin\Desktop\backend\Data\utils\auth.js">
        <metrics statements="84" coveredstatements="82" conditionals="21" coveredconditionals="21" methods="13" coveredmethods="13"/>
        <line num="6" count="4" type="stmt"/>
        <line num="7" count="4" type="stmt"/>
        <line num="8" count="4" type="stmt"/>
        <line num="9" count="4" type="stmt"/>
        <line num="16" count="4" type="stmt"/>
        <line num="17" count="149" type="stmt"/>
        <line num="19" count="149" type="stmt"/>
        <line num="20" count="149" type="stmt"/>
        <line num="21" count="147" type="stmt"/>
        <line num="23" count="2" type="stmt"/>
        <line num="24" count="2" type="stmt"/>
        <line num="34" count="4" type="stmt"/>
        <line num="35" count="15" type="stmt"/>
        <line num="36" count="15" type="stmt"/>
        <line num="37" count="14" type="stmt"/>
        <line num="39" count="1" type="stmt"/>
        <line num="40" count="1" type="stmt"/>
        <line num="50" count="4" type="cond" truecount="1" falsecount="0"/>
        <line num="51" count="39" type="stmt"/>
        <line num="52" count="39" type="stmt"/>
        <line num="53" count="39" type="cond" truecount="2" falsecount="0"/>
        <line num="54" count="1" type="stmt"/>
        <line num="57" count="38" type="stmt"/>
        <line num="63" count="38" type="stmt"/>
        <line num="65" count="1" type="stmt"/>
        <line num="66" count="1" type="stmt"/>
        <line num="75" count="4" type="stmt"/>
        <line num="76" count="7" type="stmt"/>
        <line num="77" count="7" type="stmt"/>
        <line num="78" count="7" type="cond" truecount="2" falsecount="0"/>
        <line num="79" count="1" type="stmt"/>
        <line num="82" count="6" type="stmt"/>
        <line num="87" count="4" type="stmt"/>
        <line num="89" count="3" type="stmt"/>
        <line num="90" count="3" type="stmt"/>
        <line num="99" count="4" type="stmt"/>
        <line num="100" count="3" type="stmt"/>
        <line num="101" count="3" type="stmt"/>
        <line num="102" count="3" type="stmt"/>
        <line num="108" count="3" type="stmt"/>
        <line num="110" count="0" type="stmt"/>
        <line num="111" count="0" type="stmt"/>
        <line num="120" count="4" type="stmt"/>
        <line num="121" count="3" type="stmt"/>
        <line num="122" count="3" type="stmt"/>
        <line num="123" count="3" type="stmt"/>
        <line num="128" count="2" type="stmt"/>
        <line num="130" count="1" type="stmt"/>
        <line num="131" count="1" type="stmt"/>
        <line num="140" count="4" type="cond" truecount="1" falsecount="0"/>
        <line num="141" count="10" type="stmt"/>
        <line num="148" count="4" type="stmt"/>
        <line num="149" count="3" type="stmt"/>
        <line num="156" count="4" type="stmt"/>
        <line num="157" count="3" type="stmt"/>
        <line num="158" count="3" type="stmt"/>
        <line num="159" count="3" type="stmt"/>
        <line num="170" count="4" type="stmt"/>
        <line num="171" count="8" type="stmt"/>
        <line num="172" count="8" type="stmt"/>
        <line num="180" count="4" type="stmt"/>
        <line num="181" count="7" type="stmt"/>
        <line num="182" count="7" type="stmt"/>
        <line num="184" count="7" type="cond" truecount="4" falsecount="0"/>
        <line num="185" count="2" type="stmt"/>
        <line num="188" count="7" type="cond" truecount="2" falsecount="0"/>
        <line num="189" count="1" type="stmt"/>
        <line num="192" count="7" type="cond" truecount="2" falsecount="0"/>
        <line num="193" count="2" type="stmt"/>
        <line num="196" count="7" type="cond" truecount="2" falsecount="0"/>
        <line num="197" count="2" type="stmt"/>
        <line num="200" count="7" type="cond" truecount="2" falsecount="0"/>
        <line num="201" count="2" type="stmt"/>
        <line num="204" count="7" type="stmt"/>
        <line num="215" count="4" type="stmt"/>
        <line num="216" count="7" type="cond" truecount="2" falsecount="0"/>
        <line num="218" count="3" type="stmt"/>
        <line num="234" count="4" type="cond" truecount="1" falsecount="0"/>
        <line num="235" count="135" type="stmt"/>
        <line num="236" count="135" type="stmt"/>
        <line num="238" count="135" type="stmt"/>
        <line num="239" count="816" type="stmt"/>
        <line num="242" count="135" type="stmt"/>
        <line num="246" count="4" type="stmt"/>
      </file>
    </package>
    <package name="validations">
      <metrics statements="22" coveredstatements="11" conditionals="10" coveredconditionals="1" methods="5" coveredmethods="1"/>
      <file name="expressValidators.js" path="C:\Users\Admin\Desktop\backend\Data\validations\expressValidators.js">
        <metrics statements="22" coveredstatements="11" conditionals="10" coveredconditionals="1" methods="5" coveredmethods="1"/>
        <line num="6" count="1" type="stmt"/>
        <line num="12" count="1" type="stmt"/>
        <line num="13" count="2" type="stmt"/>
        <line num="14" count="2" type="cond" truecount="1" falsecount="1"/>
        <line num="15" count="0" type="stmt"/>
        <line num="18" count="0" type="stmt"/>
        <line num="25" count="2" type="stmt"/>
        <line num="31" count="1" type="stmt"/>
        <line num="134" count="0" type="cond" truecount="0" falsecount="2"/>
        <line num="135" count="0" type="stmt"/>
        <line num="137" count="0" type="stmt"/>
        <line num="147" count="1" type="stmt"/>
        <line num="218" count="1" type="stmt"/>
        <line num="235" count="0" type="cond" truecount="0" falsecount="2"/>
        <line num="236" count="0" type="stmt"/>
        <line num="238" count="0" type="stmt"/>
        <line num="334" count="0" type="cond" truecount="0" falsecount="4"/>
        <line num="335" count="0" type="stmt"/>
        <line num="337" count="0" type="stmt"/>
        <line num="472" count="1" type="stmt"/>
        <line num="771" count="1" type="stmt"/>
        <line num="823" count="1" type="stmt"/>
      </file>
    </package>
  </project>
</coverage>
