{"C:\\Users\\Admin\\Desktop\\backend\\Data\\controllers\\authController.js": {"path":"C:\\Users\\Admin\\Desktop\\backend\\Data\\controllers\\authController.js","statementMap":{"0":{"start":{"line":6,"column":13},"end":{"line":6,"column":38}},"1":{"start":{"line":7,"column":22},"end":{"line":7,"column":56}},"2":{"start":{"line":8,"column":30},"end":{"line":8,"column":72}},"3":{"start":{"line":9,"column":43},"end":{"line":9,"column":67}},"4":{"start":{"line":10,"column":29},"end":{"line":10,"column":57}},"5":{"start":{"line":18,"column":14},"end":{"line":109,"column":1}},"6":{"start":{"line":19,"column":2},"end":{"line":108,"column":3}},"7":{"start":{"line":21,"column":19},"end":{"line":21,"column":40}},"8":{"start":{"line":22,"column":4},"end":{"line":28,"column":5}},"9":{"start":{"line":23,"column":6},"end":{"line":27,"column":9}},"10":{"start":{"line":30,"column":32},"end":{"line":30,"column":40}},"11":{"start":{"line":33,"column":17},"end":{"line":33,"column":62}},"12":{"start":{"line":34,"column":4},"end":{"line":44,"column":5}},"13":{"start":{"line":35,"column":6},"end":{"line":38,"column":9}},"14":{"start":{"line":40,"column":6},"end":{"line":43,"column":9}},"15":{"start":{"line":47,"column":28},"end":{"line":47,"column":70}},"16":{"start":{"line":48,"column":4},"end":{"line":58,"column":5}},"17":{"start":{"line":49,"column":6},"end":{"line":52,"column":9}},"18":{"start":{"line":54,"column":6},"end":{"line":57,"column":9}},"19":{"start":{"line":61,"column":18},"end":{"line":61,"column":42}},"20":{"start":{"line":64,"column":26},"end":{"line":69,"column":5}},"21":{"start":{"line":71,"column":4},"end":{"line":71,"column":46}},"22":{"start":{"line":74,"column":4},"end":{"line":78,"column":7}},"23":{"start":{"line":81,"column":25},"end":{"line":88,"column":5}},"24":{"start":{"line":91,"column":4},"end":{"line":91,"column":35}},"25":{"start":{"line":93,"column":4},"end":{"line":100,"column":7}},"26":{"start":{"line":102,"column":4},"end":{"line":102,"column":51}},"27":{"start":{"line":104,"column":4},"end":{"line":107,"column":7}},"28":{"start":{"line":117,"column":22},"end":{"line":140,"column":1}},"29":{"start":{"line":118,"column":2},"end":{"line":139,"column":3}},"30":{"start":{"line":120,"column":4},"end":{"line":122,"column":5}},"31":{"start":{"line":121,"column":6},"end":{"line":121,"column":40}},"32":{"start":{"line":125,"column":4},"end":{"line":130,"column":7}},"33":{"start":{"line":132,"column":4},"end":{"line":132,"column":61}},"34":{"start":{"line":134,"column":4},"end":{"line":138,"column":7}},"35":{"start":{"line":148,"column":15},"end":{"line":202,"column":1}},"36":{"start":{"line":149,"column":2},"end":{"line":201,"column":3}},"37":{"start":{"line":150,"column":4},"end":{"line":177,"column":5}},"38":{"start":{"line":151,"column":27},"end":{"line":151,"column":63}},"39":{"start":{"line":154,"column":30},"end":{"line":157,"column":32}},"40":{"start":{"line":159,"column":6},"end":{"line":170,"column":7}},"41":{"start":{"line":160,"column":32},"end":{"line":162,"column":9}},"42":{"start":{"line":164,"column":8},"end":{"line":169,"column":11}},"43":{"start":{"line":172,"column":6},"end":{"line":176,"column":9}},"44":{"start":{"line":180,"column":4},"end":{"line":180,"column":29}},"45":{"start":{"line":183,"column":4},"end":{"line":185,"column":5}},"46":{"start":{"line":184,"column":6},"end":{"line":184,"column":51}},"47":{"start":{"line":187,"column":4},"end":{"line":190,"column":7}},"48":{"start":{"line":192,"column":4},"end":{"line":192,"column":52}},"49":{"start":{"line":195,"column":4},"end":{"line":195,"column":29}},"50":{"start":{"line":197,"column":4},"end":{"line":200,"column":7}},"51":{"start":{"line":210,"column":24},"end":{"line":242,"column":1}},"52":{"start":{"line":211,"column":2},"end":{"line":241,"column":3}},"53":{"start":{"line":212,"column":4},"end":{"line":227,"column":5}},"54":{"start":{"line":213,"column":6},"end":{"line":226,"column":9}},"55":{"start":{"line":229,"column":4},"end":{"line":233,"column":7}},"56":{"start":{"line":235,"column":4},"end":{"line":235,"column":63}},"57":{"start":{"line":237,"column":4},"end":{"line":240,"column":7}},"58":{"start":{"line":250,"column":21},"end":{"line":300,"column":1}},"59":{"start":{"line":251,"column":2},"end":{"line":299,"column":3}},"60":{"start":{"line":252,"column":4},"end":{"line":257,"column":5}},"61":{"start":{"line":253,"column":6},"end":{"line":256,"column":9}},"62":{"start":{"line":260,"column":17},"end":{"line":260,"column":49}},"63":{"start":{"line":261,"column":4},"end":{"line":266,"column":5}},"64":{"start":{"line":262,"column":6},"end":{"line":265,"column":9}},"65":{"start":{"line":268,"column":21},"end":{"line":268,"column":45}},"66":{"start":{"line":271,"column":26},"end":{"line":276,"column":5}},"67":{"start":{"line":278,"column":4},"end":{"line":278,"column":49}},"68":{"start":{"line":280,"column":4},"end":{"line":283,"column":7}},"69":{"start":{"line":285,"column":4},"end":{"line":291,"column":7}},"70":{"start":{"line":293,"column":4},"end":{"line":293,"column":59}},"71":{"start":{"line":295,"column":4},"end":{"line":298,"column":7}},"72":{"start":{"line":308,"column":19},"end":{"line":349,"column":1}},"73":{"start":{"line":309,"column":2},"end":{"line":348,"column":3}},"74":{"start":{"line":310,"column":4},"end":{"line":315,"column":5}},"75":{"start":{"line":311,"column":6},"end":{"line":314,"column":9}},"76":{"start":{"line":317,"column":17},"end":{"line":317,"column":49}},"77":{"start":{"line":318,"column":4},"end":{"line":323,"column":5}},"78":{"start":{"line":319,"column":6},"end":{"line":322,"column":9}},"79":{"start":{"line":325,"column":4},"end":{"line":340,"column":7}},"80":{"start":{"line":342,"column":4},"end":{"line":342,"column":57}},"81":{"start":{"line":344,"column":4},"end":{"line":347,"column":7}},"82":{"start":{"line":351,"column":0},"end":{"line":358,"column":2}}},"fnMap":{"0":{"name":"(anonymous_0)","decl":{"start":{"line":18,"column":14},"end":{"line":18,"column":15}},"loc":{"start":{"line":18,"column":34},"end":{"line":109,"column":1}},"line":18},"1":{"name":"(anonymous_1)","decl":{"start":{"line":117,"column":22},"end":{"line":117,"column":23}},"loc":{"start":{"line":117,"column":36},"end":{"line":140,"column":1}},"line":117},"2":{"name":"(anonymous_2)","decl":{"start":{"line":148,"column":15},"end":{"line":148,"column":16}},"loc":{"start":{"line":148,"column":35},"end":{"line":202,"column":1}},"line":148},"3":{"name":"(anonymous_3)","decl":{"start":{"line":210,"column":24},"end":{"line":210,"column":25}},"loc":{"start":{"line":210,"column":38},"end":{"line":242,"column":1}},"line":210},"4":{"name":"(anonymous_4)","decl":{"start":{"line":250,"column":21},"end":{"line":250,"column":22}},"loc":{"start":{"line":250,"column":41},"end":{"line":300,"column":1}},"line":250},"5":{"name":"(anonymous_5)","decl":{"start":{"line":308,"column":19},"end":{"line":308,"column":20}},"loc":{"start":{"line":308,"column":39},"end":{"line":349,"column":1}},"line":308}},"branchMap":{"0":{"loc":{"start":{"line":22,"column":4},"end":{"line":28,"column":5}},"type":"if","locations":[{"start":{"line":22,"column":4},"end":{"line":28,"column":5}},{"start":{},"end":{}}],"line":22},"1":{"loc":{"start":{"line":34,"column":4},"end":{"line":44,"column":5}},"type":"if","locations":[{"start":{"line":34,"column":4},"end":{"line":44,"column":5}},{"start":{},"end":{}}],"line":34},"2":{"loc":{"start":{"line":48,"column":4},"end":{"line":58,"column":5}},"type":"if","locations":[{"start":{"line":48,"column":4},"end":{"line":58,"column":5}},{"start":{},"end":{}}],"line":48},"3":{"loc":{"start":{"line":120,"column":4},"end":{"line":122,"column":5}},"type":"if","locations":[{"start":{"line":120,"column":4},"end":{"line":122,"column":5}},{"start":{},"end":{}}],"line":120},"4":{"loc":{"start":{"line":127,"column":17},"end":{"line":127,"column":55}},"type":"cond-expr","locations":[{"start":{"line":127,"column":33},"end":{"line":127,"column":48}},{"start":{"line":127,"column":51},"end":{"line":127,"column":55}}],"line":127},"5":{"loc":{"start":{"line":137,"column":13},"end":{"line":137,"column":66}},"type":"cond-expr","locations":[{"start":{"line":137,"column":54},"end":{"line":137,"column":59}},{"start":{"line":137,"column":62},"end":{"line":137,"column":66}}],"line":137},"6":{"loc":{"start":{"line":150,"column":4},"end":{"line":177,"column":5}},"type":"if","locations":[{"start":{"line":150,"column":4},"end":{"line":177,"column":5}},{"start":{},"end":{}}],"line":150},"7":{"loc":{"start":{"line":151,"column":27},"end":{"line":151,"column":63}},"type":"binary-expr","locations":[{"start":{"line":151,"column":27},"end":{"line":151,"column":43}},{"start":{"line":151,"column":47},"end":{"line":151,"column":63}}],"line":151},"8":{"loc":{"start":{"line":159,"column":6},"end":{"line":170,"column":7}},"type":"if","locations":[{"start":{"line":159,"column":6},"end":{"line":170,"column":7}},{"start":{},"end":{}}],"line":159},"9":{"loc":{"start":{"line":183,"column":4},"end":{"line":185,"column":5}},"type":"if","locations":[{"start":{"line":183,"column":4},"end":{"line":185,"column":5}},{"start":{},"end":{}}],"line":183},"10":{"loc":{"start":{"line":212,"column":4},"end":{"line":227,"column":5}},"type":"if","locations":[{"start":{"line":212,"column":4},"end":{"line":227,"column":5}},{"start":{},"end":{}}],"line":212},"11":{"loc":{"start":{"line":252,"column":4},"end":{"line":257,"column":5}},"type":"if","locations":[{"start":{"line":252,"column":4},"end":{"line":257,"column":5}},{"start":{},"end":{}}],"line":252},"12":{"loc":{"start":{"line":261,"column":4},"end":{"line":266,"column":5}},"type":"if","locations":[{"start":{"line":261,"column":4},"end":{"line":266,"column":5}},{"start":{},"end":{}}],"line":261},"13":{"loc":{"start":{"line":310,"column":4},"end":{"line":315,"column":5}},"type":"if","locations":[{"start":{"line":310,"column":4},"end":{"line":315,"column":5}},{"start":{},"end":{}}],"line":310},"14":{"loc":{"start":{"line":318,"column":4},"end":{"line":323,"column":5}},"type":"if","locations":[{"start":{"line":318,"column":4},"end":{"line":323,"column":5}},{"start":{},"end":{}}],"line":318}},"s":{"0":1,"1":1,"2":1,"3":1,"4":1,"5":1,"6":40,"7":40,"8":40,"9":0,"10":40,"11":40,"12":16,"13":8,"14":8,"15":8,"16":7,"17":6,"18":6,"19":1,"20":1,"21":1,"22":1,"23":1,"24":1,"25":1,"26":3,"27":3,"28":1,"29":0,"30":0,"31":0,"32":0,"33":0,"34":0,"35":1,"36":0,"37":0,"38":0,"39":0,"40":0,"41":0,"42":0,"43":0,"44":0,"45":0,"46":0,"47":0,"48":0,"49":0,"50":0,"51":1,"52":0,"53":0,"54":0,"55":0,"56":0,"57":0,"58":1,"59":0,"60":0,"61":0,"62":0,"63":0,"64":0,"65":0,"66":0,"67":0,"68":0,"69":0,"70":0,"71":0,"72":1,"73":0,"74":0,"75":0,"76":0,"77":0,"78":0,"79":0,"80":0,"81":0,"82":1},"f":{"0":40,"1":0,"2":0,"3":0,"4":0,"5":0},"b":{"0":[0,40],"1":[8,8],"2":[6,1],"3":[0,0],"4":[0,0],"5":[0,0],"6":[0,0],"7":[0,0],"8":[0,0],"9":[0,0],"10":[0,0],"11":[0,0],"12":[0,0],"13":[0,0],"14":[0,0]},"_coverageSchema":"1a1c01bbd47fc00a2c39e90264f33305004495a9","hash":"b3d089d227848bf8339589d3af48e87e774837b2"}
,"C:\\Users\\Admin\\Desktop\\backend\\Data\\middlewares\\authCheckUser.js": {"path":"C:\\Users\\Admin\\Desktop\\backend\\Data\\middlewares\\authCheckUser.js","statementMap":{"0":{"start":{"line":6,"column":13},"end":{"line":6,"column":38}},"1":{"start":{"line":15,"column":22},"end":{"line":51,"column":1}},"2":{"start":{"line":16,"column":2},"end":{"line":50,"column":3}},"3":{"start":{"line":18,"column":4},"end":{"line":23,"column":5}},"4":{"start":{"line":19,"column":6},"end":{"line":22,"column":9}},"5":{"start":{"line":26,"column":4},"end":{"line":33,"column":5}},"6":{"start":{"line":27,"column":6},"end":{"line":32,"column":9}},"7":{"start":{"line":36,"column":4},"end":{"line":40,"column":5}},"8":{"start":{"line":37,"column":6},"end":{"line":39,"column":8}},"9":{"start":{"line":42,"column":4},"end":{"line":42,"column":11}},"10":{"start":{"line":44,"column":4},"end":{"line":44,"column":63}},"11":{"start":{"line":46,"column":4},"end":{"line":49,"column":7}},"12":{"start":{"line":57,"column":26},"end":{"line":91,"column":1}},"13":{"start":{"line":58,"column":2},"end":{"line":90,"column":3}},"14":{"start":{"line":60,"column":4},"end":{"line":65,"column":5}},"15":{"start":{"line":61,"column":6},"end":{"line":64,"column":9}},"16":{"start":{"line":68,"column":4},"end":{"line":75,"column":5}},"17":{"start":{"line":69,"column":6},"end":{"line":74,"column":9}},"18":{"start":{"line":78,"column":4},"end":{"line":80,"column":5}},"19":{"start":{"line":79,"column":6},"end":{"line":79,"column":75}},"20":{"start":{"line":82,"column":4},"end":{"line":82,"column":11}},"21":{"start":{"line":84,"column":4},"end":{"line":84,"column":68}},"22":{"start":{"line":86,"column":4},"end":{"line":89,"column":7}},"23":{"start":{"line":97,"column":32},"end":{"line":141,"column":1}},"24":{"start":{"line":98,"column":2},"end":{"line":140,"column":3}},"25":{"start":{"line":100,"column":4},"end":{"line":105,"column":5}},"26":{"start":{"line":101,"column":6},"end":{"line":104,"column":9}},"27":{"start":{"line":107,"column":28},"end":{"line":107,"column":62}},"28":{"start":{"line":108,"column":26},"end":{"line":108,"column":48}},"29":{"start":{"line":111,"column":4},"end":{"line":116,"column":5}},"30":{"start":{"line":112,"column":6},"end":{"line":114,"column":7}},"31":{"start":{"line":113,"column":8},"end":{"line":113,"column":72}},"32":{"start":{"line":115,"column":6},"end":{"line":115,"column":20}},"33":{"start":{"line":119,"column":4},"end":{"line":124,"column":5}},"34":{"start":{"line":120,"column":6},"end":{"line":122,"column":7}},"35":{"start":{"line":121,"column":8},"end":{"line":121,"column":69}},"36":{"start":{"line":123,"column":6},"end":{"line":123,"column":20}},"37":{"start":{"line":127,"column":4},"end":{"line":132,"column":7}},"38":{"start":{"line":134,"column":4},"end":{"line":134,"column":67}},"39":{"start":{"line":136,"column":4},"end":{"line":139,"column":7}},"40":{"start":{"line":147,"column":30},"end":{"line":184,"column":1}},"41":{"start":{"line":148,"column":2},"end":{"line":183,"column":3}},"42":{"start":{"line":150,"column":4},"end":{"line":155,"column":5}},"43":{"start":{"line":151,"column":6},"end":{"line":154,"column":9}},"44":{"start":{"line":158,"column":4},"end":{"line":160,"column":5}},"45":{"start":{"line":159,"column":6},"end":{"line":159,"column":20}},"46":{"start":{"line":164,"column":23},"end":{"line":164,"column":27}},"47":{"start":{"line":166,"column":4},"end":{"line":173,"column":5}},"48":{"start":{"line":167,"column":6},"end":{"line":172,"column":9}},"49":{"start":{"line":175,"column":4},"end":{"line":175,"column":11}},"50":{"start":{"line":177,"column":4},"end":{"line":177,"column":66}},"51":{"start":{"line":179,"column":4},"end":{"line":182,"column":7}},"52":{"start":{"line":186,"column":0},"end":{"line":191,"column":2}}},"fnMap":{"0":{"name":"(anonymous_0)","decl":{"start":{"line":15,"column":22},"end":{"line":15,"column":23}},"loc":{"start":{"line":15,"column":42},"end":{"line":51,"column":1}},"line":15},"1":{"name":"(anonymous_1)","decl":{"start":{"line":57,"column":26},"end":{"line":57,"column":27}},"loc":{"start":{"line":57,"column":46},"end":{"line":91,"column":1}},"line":57},"2":{"name":"(anonymous_2)","decl":{"start":{"line":97,"column":32},"end":{"line":97,"column":33}},"loc":{"start":{"line":97,"column":52},"end":{"line":141,"column":1}},"line":97},"3":{"name":"(anonymous_3)","decl":{"start":{"line":147,"column":30},"end":{"line":147,"column":31}},"loc":{"start":{"line":147,"column":50},"end":{"line":184,"column":1}},"line":147}},"branchMap":{"0":{"loc":{"start":{"line":18,"column":4},"end":{"line":23,"column":5}},"type":"if","locations":[{"start":{"line":18,"column":4},"end":{"line":23,"column":5}},{"start":{},"end":{}}],"line":18},"1":{"loc":{"start":{"line":26,"column":4},"end":{"line":33,"column":5}},"type":"if","locations":[{"start":{"line":26,"column":4},"end":{"line":33,"column":5}},{"start":{},"end":{}}],"line":26},"2":{"loc":{"start":{"line":36,"column":4},"end":{"line":40,"column":5}},"type":"if","locations":[{"start":{"line":36,"column":4},"end":{"line":40,"column":5}},{"start":{},"end":{}}],"line":36},"3":{"loc":{"start":{"line":60,"column":4},"end":{"line":65,"column":5}},"type":"if","locations":[{"start":{"line":60,"column":4},"end":{"line":65,"column":5}},{"start":{},"end":{}}],"line":60},"4":{"loc":{"start":{"line":68,"column":4},"end":{"line":75,"column":5}},"type":"if","locations":[{"start":{"line":68,"column":4},"end":{"line":75,"column":5}},{"start":{},"end":{}}],"line":68},"5":{"loc":{"start":{"line":78,"column":4},"end":{"line":80,"column":5}},"type":"if","locations":[{"start":{"line":78,"column":4},"end":{"line":80,"column":5}},{"start":{},"end":{}}],"line":78},"6":{"loc":{"start":{"line":100,"column":4},"end":{"line":105,"column":5}},"type":"if","locations":[{"start":{"line":100,"column":4},"end":{"line":105,"column":5}},{"start":{},"end":{}}],"line":100},"7":{"loc":{"start":{"line":107,"column":28},"end":{"line":107,"column":62}},"type":"binary-expr","locations":[{"start":{"line":107,"column":28},"end":{"line":107,"column":41}},{"start":{"line":107,"column":45},"end":{"line":107,"column":62}}],"line":107},"8":{"loc":{"start":{"line":111,"column":4},"end":{"line":116,"column":5}},"type":"if","locations":[{"start":{"line":111,"column":4},"end":{"line":116,"column":5}},{"start":{},"end":{}}],"line":111},"9":{"loc":{"start":{"line":112,"column":6},"end":{"line":114,"column":7}},"type":"if","locations":[{"start":{"line":112,"column":6},"end":{"line":114,"column":7}},{"start":{},"end":{}}],"line":112},"10":{"loc":{"start":{"line":119,"column":4},"end":{"line":124,"column":5}},"type":"if","locations":[{"start":{"line":119,"column":4},"end":{"line":124,"column":5}},{"start":{},"end":{}}],"line":119},"11":{"loc":{"start":{"line":120,"column":6},"end":{"line":122,"column":7}},"type":"if","locations":[{"start":{"line":120,"column":6},"end":{"line":122,"column":7}},{"start":{},"end":{}}],"line":120},"12":{"loc":{"start":{"line":150,"column":4},"end":{"line":155,"column":5}},"type":"if","locations":[{"start":{"line":150,"column":4},"end":{"line":155,"column":5}},{"start":{},"end":{}}],"line":150},"13":{"loc":{"start":{"line":158,"column":4},"end":{"line":160,"column":5}},"type":"if","locations":[{"start":{"line":158,"column":4},"end":{"line":160,"column":5}},{"start":{},"end":{}}],"line":158},"14":{"loc":{"start":{"line":166,"column":4},"end":{"line":173,"column":5}},"type":"if","locations":[{"start":{"line":166,"column":4},"end":{"line":173,"column":5}},{"start":{},"end":{}}],"line":166}},"s":{"0":1,"1":1,"2":12,"3":12,"4":12,"5":0,"6":0,"7":0,"8":0,"9":0,"10":0,"11":0,"12":1,"13":0,"14":0,"15":0,"16":0,"17":0,"18":0,"19":0,"20":0,"21":0,"22":0,"23":1,"24":0,"25":0,"26":0,"27":0,"28":0,"29":0,"30":0,"31":0,"32":0,"33":0,"34":0,"35":0,"36":0,"37":0,"38":0,"39":0,"40":1,"41":0,"42":0,"43":0,"44":0,"45":0,"46":0,"47":0,"48":0,"49":0,"50":0,"51":0,"52":1},"f":{"0":12,"1":0,"2":0,"3":0},"b":{"0":[12,0],"1":[0,0],"2":[0,0],"3":[0,0],"4":[0,0],"5":[0,0],"6":[0,0],"7":[0,0],"8":[0,0],"9":[0,0],"10":[0,0],"11":[0,0],"12":[0,0],"13":[0,0],"14":[0,0]},"_coverageSchema":"1a1c01bbd47fc00a2c39e90264f33305004495a9","hash":"77d142394970e375293c0a4c636251eed4620a39"}
,"C:\\Users\\Admin\\Desktop\\backend\\Data\\middlewares\\authVerifyToken.js": {"path":"C:\\Users\\Admin\\Desktop\\backend\\Data\\middlewares\\authVerifyToken.js","statementMap":{"0":{"start":{"line":6,"column":24},"end":{"line":6,"column":48}},"1":{"start":{"line":7,"column":13},"end":{"line":7,"column":38}},"2":{"start":{"line":15,"column":24},"end":{"line":76,"column":1}},"3":{"start":{"line":16,"column":2},"end":{"line":75,"column":3}},"4":{"start":{"line":19,"column":6},"end":{"line":19,"column":77}},"5":{"start":{"line":21,"column":4},"end":{"line":26,"column":5}},"6":{"start":{"line":22,"column":6},"end":{"line":25,"column":9}},"7":{"start":{"line":29,"column":20},"end":{"line":29,"column":38}},"8":{"start":{"line":30,"column":4},"end":{"line":37,"column":5}},"9":{"start":{"line":32,"column":6},"end":{"line":32,"column":31}},"10":{"start":{"line":33,"column":6},"end":{"line":36,"column":9}},"11":{"start":{"line":40,"column":17},"end":{"line":40,"column":64}},"12":{"start":{"line":41,"column":4},"end":{"line":48,"column":5}},"13":{"start":{"line":43,"column":6},"end":{"line":43,"column":31}},"14":{"start":{"line":44,"column":6},"end":{"line":47,"column":9}},"15":{"start":{"line":51,"column":4},"end":{"line":57,"column":6}},"16":{"start":{"line":60,"column":4},"end":{"line":62,"column":5}},"17":{"start":{"line":61,"column":6},"end":{"line":61,"column":78}},"18":{"start":{"line":64,"column":4},"end":{"line":64,"column":11}},"19":{"start":{"line":66,"column":4},"end":{"line":66,"column":58}},"20":{"start":{"line":69,"column":4},"end":{"line":69,"column":29}},"21":{"start":{"line":71,"column":4},"end":{"line":74,"column":7}},"22":{"start":{"line":82,"column":32},"end":{"line":109,"column":1}},"23":{"start":{"line":83,"column":2},"end":{"line":108,"column":3}},"24":{"start":{"line":85,"column":6},"end":{"line":85,"column":77}},"25":{"start":{"line":87,"column":4},"end":{"line":101,"column":5}},"26":{"start":{"line":88,"column":22},"end":{"line":88,"column":40}},"27":{"start":{"line":89,"column":6},"end":{"line":100,"column":7}},"28":{"start":{"line":90,"column":21},"end":{"line":90,"column":52}},"29":{"start":{"line":91,"column":8},"end":{"line":99,"column":9}},"30":{"start":{"line":92,"column":10},"end":{"line":98,"column":12}},"31":{"start":{"line":103,"column":4},"end":{"line":103,"column":11}},"32":{"start":{"line":106,"column":4},"end":{"line":106,"column":68}},"33":{"start":{"line":107,"column":4},"end":{"line":107,"column":11}},"34":{"start":{"line":111,"column":0},"end":{"line":114,"column":2}}},"fnMap":{"0":{"name":"(anonymous_0)","decl":{"start":{"line":15,"column":24},"end":{"line":15,"column":25}},"loc":{"start":{"line":15,"column":50},"end":{"line":76,"column":1}},"line":15},"1":{"name":"(anonymous_1)","decl":{"start":{"line":82,"column":32},"end":{"line":82,"column":33}},"loc":{"start":{"line":82,"column":58},"end":{"line":109,"column":1}},"line":82}},"branchMap":{"0":{"loc":{"start":{"line":19,"column":6},"end":{"line":19,"column":77}},"type":"binary-expr","locations":[{"start":{"line":19,"column":6},"end":{"line":19,"column":24}},{"start":{"line":19,"column":28},"end":{"line":19,"column":77}}],"line":19},"1":{"loc":{"start":{"line":21,"column":4},"end":{"line":26,"column":5}},"type":"if","locations":[{"start":{"line":21,"column":4},"end":{"line":26,"column":5}},{"start":{},"end":{}}],"line":21},"2":{"loc":{"start":{"line":30,"column":4},"end":{"line":37,"column":5}},"type":"if","locations":[{"start":{"line":30,"column":4},"end":{"line":37,"column":5}},{"start":{},"end":{}}],"line":30},"3":{"loc":{"start":{"line":41,"column":4},"end":{"line":48,"column":5}},"type":"if","locations":[{"start":{"line":41,"column":4},"end":{"line":48,"column":5}},{"start":{},"end":{}}],"line":41},"4":{"loc":{"start":{"line":60,"column":4},"end":{"line":62,"column":5}},"type":"if","locations":[{"start":{"line":60,"column":4},"end":{"line":62,"column":5}},{"start":{},"end":{}}],"line":60},"5":{"loc":{"start":{"line":85,"column":6},"end":{"line":85,"column":77}},"type":"binary-expr","locations":[{"start":{"line":85,"column":6},"end":{"line":85,"column":24}},{"start":{"line":85,"column":28},"end":{"line":85,"column":77}}],"line":85},"6":{"loc":{"start":{"line":87,"column":4},"end":{"line":101,"column":5}},"type":"if","locations":[{"start":{"line":87,"column":4},"end":{"line":101,"column":5}},{"start":{},"end":{}}],"line":87},"7":{"loc":{"start":{"line":89,"column":6},"end":{"line":100,"column":7}},"type":"if","locations":[{"start":{"line":89,"column":6},"end":{"line":100,"column":7}},{"start":{},"end":{}}],"line":89},"8":{"loc":{"start":{"line":91,"column":8},"end":{"line":99,"column":9}},"type":"if","locations":[{"start":{"line":91,"column":8},"end":{"line":99,"column":9}},{"start":{},"end":{}}],"line":91}},"s":{"0":1,"1":1,"2":1,"3":0,"4":0,"5":0,"6":0,"7":0,"8":0,"9":0,"10":0,"11":0,"12":0,"13":0,"14":0,"15":0,"16":0,"17":0,"18":0,"19":0,"20":0,"21":0,"22":1,"23":0,"24":0,"25":0,"26":0,"27":0,"28":0,"29":0,"30":0,"31":0,"32":0,"33":0,"34":1},"f":{"0":0,"1":0},"b":{"0":[0,0],"1":[0,0],"2":[0,0],"3":[0,0],"4":[0,0],"5":[0,0],"6":[0,0],"7":[0,0],"8":[0,0]},"_coverageSchema":"1a1c01bbd47fc00a2c39e90264f33305004495a9","hash":"1a0660ec2208bd96693b48df56c38a30f7478df2"}
,"C:\\Users\\Admin\\Desktop\\backend\\Data\\middlewares\\errorHandler.js": {"path":"C:\\Users\\Admin\\Desktop\\backend\\Data\\middlewares\\errorHandler.js","statementMap":{"0":{"start":{"line":6,"column":27},"end":{"line":6,"column":52}},"1":{"start":{"line":15,"column":31},"end":{"line":39,"column":1}},"2":{"start":{"line":16,"column":2},"end":{"line":36,"column":3}},"3":{"start":{"line":18,"column":19},"end":{"line":22,"column":7}},"4":{"start":{"line":18,"column":61},"end":{"line":22,"column":5}},"5":{"start":{"line":24,"column":4},"end":{"line":28,"column":7}},"6":{"start":{"line":27,"column":32},"end":{"line":27,"column":58}},"7":{"start":{"line":30,"column":4},"end":{"line":35,"column":7}},"8":{"start":{"line":38,"column":2},"end":{"line":38,"column":12}},"9":{"start":{"line":48,"column":29},"end":{"line":92,"column":1}},"10":{"start":{"line":49,"column":2},"end":{"line":89,"column":3}},"11":{"start":{"line":50,"column":21},"end":{"line":50,"column":24}},"12":{"start":{"line":51,"column":18},"end":{"line":51,"column":37}},"13":{"start":{"line":54,"column":4},"end":{"line":66,"column":5}},"14":{"start":{"line":56,"column":8},"end":{"line":56,"column":25}},"15":{"start":{"line":57,"column":8},"end":{"line":57,"column":39}},"16":{"start":{"line":58,"column":8},"end":{"line":58,"column":14}},"17":{"start":{"line":60,"column":8},"end":{"line":60,"column":25}},"18":{"start":{"line":61,"column":8},"end":{"line":61,"column":41}},"19":{"start":{"line":62,"column":8},"end":{"line":62,"column":14}},"20":{"start":{"line":64,"column":8},"end":{"line":64,"column":25}},"21":{"start":{"line":65,"column":8},"end":{"line":65,"column":38}},"22":{"start":{"line":68,"column":4},"end":{"line":73,"column":7}},"23":{"start":{"line":76,"column":4},"end":{"line":81,"column":7}},"24":{"start":{"line":83,"column":4},"end":{"line":88,"column":7}},"25":{"start":{"line":91,"column":2},"end":{"line":91,"column":12}},"26":{"start":{"line":101,"column":24},"end":{"line":132,"column":1}},"27":{"start":{"line":102,"column":2},"end":{"line":115,"column":3}},"28":{"start":{"line":103,"column":4},"end":{"line":108,"column":7}},"29":{"start":{"line":110,"column":4},"end":{"line":114,"column":7}},"30":{"start":{"line":117,"column":2},"end":{"line":129,"column":3}},"31":{"start":{"line":118,"column":4},"end":{"line":122,"column":7}},"32":{"start":{"line":124,"column":4},"end":{"line":128,"column":7}},"33":{"start":{"line":131,"column":2},"end":{"line":131,"column":12}},"34":{"start":{"line":141,"column":25},"end":{"line":160,"column":1}},"35":{"start":{"line":142,"column":2},"end":{"line":157,"column":3}},"36":{"start":{"line":143,"column":4},"end":{"line":149,"column":7}},"37":{"start":{"line":151,"column":4},"end":{"line":156,"column":7}},"38":{"start":{"line":159,"column":2},"end":{"line":159,"column":12}},"39":{"start":{"line":169,"column":30},"end":{"line":189,"column":1}},"40":{"start":{"line":172,"column":2},"end":{"line":186,"column":3}},"41":{"start":{"line":173,"column":4},"end":{"line":178,"column":7}},"42":{"start":{"line":180,"column":4},"end":{"line":185,"column":7}},"43":{"start":{"line":188,"column":2},"end":{"line":188,"column":12}},"44":{"start":{"line":198,"column":31},"end":{"line":216,"column":1}},"45":{"start":{"line":199,"column":2},"end":{"line":205,"column":3}},"46":{"start":{"line":200,"column":4},"end":{"line":204,"column":7}},"47":{"start":{"line":207,"column":2},"end":{"line":213,"column":3}},"48":{"start":{"line":208,"column":4},"end":{"line":212,"column":7}},"49":{"start":{"line":215,"column":2},"end":{"line":215,"column":12}},"50":{"start":{"line":225,"column":27},"end":{"line":273,"column":1}},"51":{"start":{"line":227,"column":2},"end":{"line":236,"column":5}},"52":{"start":{"line":239,"column":2},"end":{"line":247,"column":5}},"53":{"start":{"line":250,"column":2},"end":{"line":255,"column":3}},"54":{"start":{"line":254,"column":4},"end":{"line":254,"column":29}},"55":{"start":{"line":258,"column":21},"end":{"line":258,"column":42}},"56":{"start":{"line":260,"column":4},"end":{"line":262,"column":19}},"57":{"start":{"line":264,"column":2},"end":{"line":272,"column":5}},"58":{"start":{"line":281,"column":26},"end":{"line":285,"column":1}},"59":{"start":{"line":282,"column":2},"end":{"line":284,"column":4}},"60":{"start":{"line":283,"column":4},"end":{"line":283,"column":52}},"61":{"start":{"line":293,"column":24},"end":{"line":309,"column":1}},"62":{"start":{"line":294,"column":2},"end":{"line":300,"column":5}},"63":{"start":{"line":302,"column":2},"end":{"line":308,"column":5}},"64":{"start":{"line":318,"column":25},"end":{"line":335,"column":1}},"65":{"start":{"line":319,"column":2},"end":{"line":332,"column":3}},"66":{"start":{"line":320,"column":4},"end":{"line":325,"column":7}},"67":{"start":{"line":327,"column":4},"end":{"line":331,"column":7}},"68":{"start":{"line":334,"column":2},"end":{"line":334,"column":12}},"69":{"start":{"line":337,"column":0},"end":{"line":348,"column":2}}},"fnMap":{"0":{"name":"(anonymous_0)","decl":{"start":{"line":15,"column":31},"end":{"line":15,"column":32}},"loc":{"start":{"line":15,"column":56},"end":{"line":39,"column":1}},"line":15},"1":{"name":"(anonymous_1)","decl":{"start":{"line":18,"column":49},"end":{"line":18,"column":50}},"loc":{"start":{"line":18,"column":61},"end":{"line":22,"column":5}},"line":18},"2":{"name":"(anonymous_2)","decl":{"start":{"line":27,"column":25},"end":{"line":27,"column":26}},"loc":{"start":{"line":27,"column":32},"end":{"line":27,"column":58}},"line":27},"3":{"name":"(anonymous_3)","decl":{"start":{"line":48,"column":29},"end":{"line":48,"column":30}},"loc":{"start":{"line":48,"column":54},"end":{"line":92,"column":1}},"line":48},"4":{"name":"(anonymous_4)","decl":{"start":{"line":101,"column":24},"end":{"line":101,"column":25}},"loc":{"start":{"line":101,"column":49},"end":{"line":132,"column":1}},"line":101},"5":{"name":"(anonymous_5)","decl":{"start":{"line":141,"column":25},"end":{"line":141,"column":26}},"loc":{"start":{"line":141,"column":50},"end":{"line":160,"column":1}},"line":141},"6":{"name":"(anonymous_6)","decl":{"start":{"line":169,"column":30},"end":{"line":169,"column":31}},"loc":{"start":{"line":169,"column":55},"end":{"line":189,"column":1}},"line":169},"7":{"name":"(anonymous_7)","decl":{"start":{"line":198,"column":31},"end":{"line":198,"column":32}},"loc":{"start":{"line":198,"column":56},"end":{"line":216,"column":1}},"line":198},"8":{"name":"(anonymous_8)","decl":{"start":{"line":225,"column":27},"end":{"line":225,"column":28}},"loc":{"start":{"line":225,"column":52},"end":{"line":273,"column":1}},"line":225},"9":{"name":"(anonymous_9)","decl":{"start":{"line":281,"column":26},"end":{"line":281,"column":27}},"loc":{"start":{"line":281,"column":34},"end":{"line":285,"column":1}},"line":281},"10":{"name":"(anonymous_10)","decl":{"start":{"line":282,"column":9},"end":{"line":282,"column":10}},"loc":{"start":{"line":282,"column":29},"end":{"line":284,"column":3}},"line":282},"11":{"name":"(anonymous_11)","decl":{"start":{"line":293,"column":24},"end":{"line":293,"column":25}},"loc":{"start":{"line":293,"column":44},"end":{"line":309,"column":1}},"line":293},"12":{"name":"(anonymous_12)","decl":{"start":{"line":318,"column":25},"end":{"line":318,"column":26}},"loc":{"start":{"line":318,"column":50},"end":{"line":335,"column":1}},"line":318}},"branchMap":{"0":{"loc":{"start":{"line":16,"column":2},"end":{"line":36,"column":3}},"type":"if","locations":[{"start":{"line":16,"column":2},"end":{"line":36,"column":3}},{"start":{},"end":{}}],"line":16},"1":{"loc":{"start":{"line":49,"column":2},"end":{"line":89,"column":3}},"type":"if","locations":[{"start":{"line":49,"column":2},"end":{"line":89,"column":3}},{"start":{},"end":{}}],"line":49},"2":{"loc":{"start":{"line":49,"column":6},"end":{"line":49,"column":66}},"type":"binary-expr","locations":[{"start":{"line":49,"column":6},"end":{"line":49,"column":31}},{"start":{"line":49,"column":35},"end":{"line":49,"column":66}}],"line":49},"3":{"loc":{"start":{"line":54,"column":4},"end":{"line":66,"column":5}},"type":"switch","locations":[{"start":{"line":55,"column":6},"end":{"line":58,"column":14}},{"start":{"line":59,"column":6},"end":{"line":62,"column":14}},{"start":{"line":63,"column":6},"end":{"line":65,"column":38}}],"line":54},"4":{"loc":{"start":{"line":87,"column":10},"end":{"line":87,"column":76}},"type":"binary-expr","locations":[{"start":{"line":87,"column":10},"end":{"line":87,"column":48}},{"start":{"line":87,"column":52},"end":{"line":87,"column":76}}],"line":87},"5":{"loc":{"start":{"line":102,"column":2},"end":{"line":115,"column":3}},"type":"if","locations":[{"start":{"line":102,"column":2},"end":{"line":115,"column":3}},{"start":{},"end":{}}],"line":102},"6":{"loc":{"start":{"line":117,"column":2},"end":{"line":129,"column":3}},"type":"if","locations":[{"start":{"line":117,"column":2},"end":{"line":129,"column":3}},{"start":{},"end":{}}],"line":117},"7":{"loc":{"start":{"line":142,"column":2},"end":{"line":157,"column":3}},"type":"if","locations":[{"start":{"line":142,"column":2},"end":{"line":157,"column":3}},{"start":{},"end":{}}],"line":142},"8":{"loc":{"start":{"line":142,"column":6},"end":{"line":142,"column":58}},"type":"binary-expr","locations":[{"start":{"line":142,"column":6},"end":{"line":142,"column":17}},{"start":{"line":142,"column":21},"end":{"line":142,"column":58}}],"line":142},"9":{"loc":{"start":{"line":155,"column":20},"end":{"line":155,"column":49}},"type":"binary-expr","locations":[{"start":{"line":155,"column":20},"end":{"line":155,"column":36}},{"start":{"line":155,"column":40},"end":{"line":155,"column":49}}],"line":155},"10":{"loc":{"start":{"line":172,"column":2},"end":{"line":186,"column":3}},"type":"if","locations":[{"start":{"line":172,"column":2},"end":{"line":186,"column":3}},{"start":{},"end":{}}],"line":172},"11":{"loc":{"start":{"line":172,"column":6},"end":{"line":172,"column":55}},"type":"binary-expr","locations":[{"start":{"line":172,"column":6},"end":{"line":172,"column":17}},{"start":{"line":172,"column":21},"end":{"line":172,"column":55}}],"line":172},"12":{"loc":{"start":{"line":184,"column":18},"end":{"line":184,"column":48}},"type":"binary-expr","locations":[{"start":{"line":184,"column":18},"end":{"line":184,"column":40}},{"start":{"line":184,"column":44},"end":{"line":184,"column":48}}],"line":184},"13":{"loc":{"start":{"line":199,"column":2},"end":{"line":205,"column":3}},"type":"if","locations":[{"start":{"line":199,"column":2},"end":{"line":205,"column":3}},{"start":{},"end":{}}],"line":199},"14":{"loc":{"start":{"line":207,"column":2},"end":{"line":213,"column":3}},"type":"if","locations":[{"start":{"line":207,"column":2},"end":{"line":213,"column":3}},{"start":{},"end":{}}],"line":207},"15":{"loc":{"start":{"line":250,"column":2},"end":{"line":255,"column":3}},"type":"if","locations":[{"start":{"line":250,"column":2},"end":{"line":255,"column":3}},{"start":{},"end":{}}],"line":250},"16":{"loc":{"start":{"line":251,"column":4},"end":{"line":252,"column":67}},"type":"binary-expr","locations":[{"start":{"line":251,"column":4},"end":{"line":251,"column":15}},{"start":{"line":252,"column":5},"end":{"line":252,"column":34}},{"start":{"line":252,"column":38},"end":{"line":252,"column":66}}],"line":251},"17":{"loc":{"start":{"line":258,"column":21},"end":{"line":258,"column":42}},"type":"binary-expr","locations":[{"start":{"line":258,"column":21},"end":{"line":258,"column":35}},{"start":{"line":258,"column":39},"end":{"line":258,"column":42}}],"line":258},"18":{"loc":{"start":{"line":260,"column":4},"end":{"line":262,"column":19}},"type":"cond-expr","locations":[{"start":{"line":261,"column":8},"end":{"line":261,"column":30}},{"start":{"line":262,"column":8},"end":{"line":262,"column":19}}],"line":260},"19":{"loc":{"start":{"line":268,"column":8},"end":{"line":271,"column":5}},"type":"binary-expr","locations":[{"start":{"line":268,"column":8},"end":{"line":268,"column":46}},{"start":{"line":268,"column":50},"end":{"line":271,"column":5}}],"line":268},"20":{"loc":{"start":{"line":319,"column":2},"end":{"line":332,"column":3}},"type":"if","locations":[{"start":{"line":319,"column":2},"end":{"line":332,"column":3}},{"start":{},"end":{}}],"line":319}},"s":{"0":1,"1":1,"2":2,"3":1,"4":2,"5":1,"6":2,"7":1,"8":1,"9":1,"10":4,"11":3,"12":3,"13":3,"14":1,"15":1,"16":1,"17":1,"18":1,"19":1,"20":1,"21":1,"22":3,"23":3,"24":3,"25":1,"26":1,"27":3,"28":1,"29":1,"30":2,"31":1,"32":1,"33":1,"34":1,"35":2,"36":1,"37":1,"38":1,"39":1,"40":2,"41":1,"42":1,"43":1,"44":1,"45":3,"46":1,"47":2,"48":1,"49":1,"50":1,"51":3,"52":3,"53":3,"54":1,"55":3,"56":3,"57":3,"58":1,"59":2,"60":2,"61":1,"62":1,"63":1,"64":1,"65":2,"66":1,"67":1,"68":1,"69":1},"f":{"0":2,"1":2,"2":2,"3":4,"4":3,"5":2,"6":2,"7":3,"8":3,"9":2,"10":2,"11":1,"12":2},"b":{"0":[1,1],"1":[3,1],"2":[4,2],"3":[1,1,1],"4":[3,0],"5":[1,2],"6":[1,1],"7":[1,1],"8":[2,2],"9":[1,0],"10":[1,1],"11":[2,2],"12":[1,0],"13":[1,2],"14":[1,1],"15":[1,2],"16":[3,3,2],"17":[3,3],"18":[0,3],"19":[3,1],"20":[1,1]},"_coverageSchema":"1a1c01bbd47fc00a2c39e90264f33305004495a9","hash":"a755c298b46ec99b91f6c55d460c0de1492693b5"}
,"C:\\Users\\Admin\\Desktop\\backend\\Data\\middlewares\\securitySanitize.js": {"path":"C:\\Users\\Admin\\Desktop\\backend\\Data\\middlewares\\securitySanitize.js","statementMap":{"0":{"start":{"line":6,"column":18},"end":{"line":6,"column":38}},"1":{"start":{"line":8,"column":0},"end":{"line":15,"column":1}},"2":{"start":{"line":9,"column":2},"end":{"line":9,"column":46}},"3":{"start":{"line":11,"column":2},"end":{"line":11,"column":77}},"4":{"start":{"line":12,"column":2},"end":{"line":14,"column":4}},"5":{"start":{"line":13,"column":25},"end":{"line":13,"column":48}},"6":{"start":{"line":22,"column":23},"end":{"line":44,"column":1}},"7":{"start":{"line":23,"column":2},"end":{"line":23,"column":46}},"8":{"start":{"line":23,"column":33},"end":{"line":23,"column":46}},"9":{"start":{"line":26,"column":18},"end":{"line":26,"column":43}},"10":{"start":{"line":29,"column":2},"end":{"line":32,"column":5}},"11":{"start":{"line":35,"column":2},"end":{"line":35,"column":42}},"12":{"start":{"line":38,"column":2},"end":{"line":38,"column":56}},"13":{"start":{"line":41,"column":2},"end":{"line":41,"column":31}},"14":{"start":{"line":43,"column":2},"end":{"line":43,"column":19}},"15":{"start":{"line":51,"column":21},"end":{"line":74,"column":1}},"16":{"start":{"line":52,"column":2},"end":{"line":52,"column":46}},"17":{"start":{"line":52,"column":33},"end":{"line":52,"column":46}},"18":{"start":{"line":54,"column":2},"end":{"line":73,"column":5}},"19":{"start":{"line":81,"column":23},"end":{"line":108,"column":1}},"20":{"start":{"line":82,"column":2},"end":{"line":82,"column":58}},"21":{"start":{"line":82,"column":47},"end":{"line":82,"column":58}},"22":{"start":{"line":84,"column":2},"end":{"line":86,"column":3}},"23":{"start":{"line":85,"column":4},"end":{"line":85,"column":51}},"24":{"start":{"line":85,"column":29},"end":{"line":85,"column":49}},"25":{"start":{"line":88,"column":20},"end":{"line":88,"column":22}},"26":{"start":{"line":89,"column":2},"end":{"line":105,"column":3}},"27":{"start":{"line":90,"column":4},"end":{"line":104,"column":5}},"28":{"start":{"line":92,"column":6},"end":{"line":99,"column":7}},"29":{"start":{"line":96,"column":8},"end":{"line":96,"column":45}},"30":{"start":{"line":98,"column":8},"end":{"line":98,"column":47}},"31":{"start":{"line":100,"column":11},"end":{"line":104,"column":5}},"32":{"start":{"line":101,"column":6},"end":{"line":101,"column":45}},"33":{"start":{"line":103,"column":6},"end":{"line":103,"column":29}},"34":{"start":{"line":107,"column":2},"end":{"line":107,"column":19}},"35":{"start":{"line":116,"column":21},"end":{"line":135,"column":1}},"36":{"start":{"line":117,"column":2},"end":{"line":134,"column":3}},"37":{"start":{"line":118,"column":4},"end":{"line":124,"column":5}},"38":{"start":{"line":119,"column":6},"end":{"line":119,"column":42}},"39":{"start":{"line":121,"column":6},"end":{"line":123,"column":7}},"40":{"start":{"line":122,"column":8},"end":{"line":122,"column":49}},"41":{"start":{"line":126,"column":4},"end":{"line":126,"column":11}},"42":{"start":{"line":128,"column":4},"end":{"line":128,"column":57}},"43":{"start":{"line":130,"column":4},"end":{"line":133,"column":7}},"44":{"start":{"line":143,"column":22},"end":{"line":162,"column":1}},"45":{"start":{"line":144,"column":2},"end":{"line":161,"column":3}},"46":{"start":{"line":145,"column":4},"end":{"line":155,"column":5}},"47":{"start":{"line":146,"column":6},"end":{"line":150,"column":7}},"48":{"start":{"line":147,"column":8},"end":{"line":149,"column":9}},"49":{"start":{"line":148,"column":10},"end":{"line":148,"column":49}},"50":{"start":{"line":152,"column":6},"end":{"line":154,"column":7}},"51":{"start":{"line":153,"column":8},"end":{"line":153,"column":53}},"52":{"start":{"line":157,"column":4},"end":{"line":157,"column":11}},"53":{"start":{"line":159,"column":4},"end":{"line":159,"column":58}},"54":{"start":{"line":160,"column":4},"end":{"line":160,"column":11}},"55":{"start":{"line":170,"column":23},"end":{"line":189,"column":1}},"56":{"start":{"line":171,"column":2},"end":{"line":188,"column":3}},"57":{"start":{"line":172,"column":4},"end":{"line":182,"column":5}},"58":{"start":{"line":173,"column":6},"end":{"line":177,"column":7}},"59":{"start":{"line":174,"column":8},"end":{"line":176,"column":9}},"60":{"start":{"line":175,"column":10},"end":{"line":175,"column":50}},"61":{"start":{"line":179,"column":6},"end":{"line":181,"column":7}},"62":{"start":{"line":180,"column":8},"end":{"line":180,"column":51}},"63":{"start":{"line":184,"column":4},"end":{"line":184,"column":11}},"64":{"start":{"line":186,"column":4},"end":{"line":186,"column":59}},"65":{"start":{"line":187,"column":4},"end":{"line":187,"column":11}},"66":{"start":{"line":197,"column":24},"end":{"line":221,"column":1}},"67":{"start":{"line":198,"column":2},"end":{"line":220,"column":3}},"68":{"start":{"line":200,"column":30},"end":{"line":200,"column":74}},"69":{"start":{"line":202,"column":4},"end":{"line":214,"column":7}},"70":{"start":{"line":203,"column":20},"end":{"line":203,"column":35}},"71":{"start":{"line":204,"column":6},"end":{"line":213,"column":7}},"72":{"start":{"line":206,"column":26},"end":{"line":206,"column":47}},"73":{"start":{"line":207,"column":8},"end":{"line":212,"column":9}},"74":{"start":{"line":208,"column":10},"end":{"line":211,"column":13}},"75":{"start":{"line":216,"column":4},"end":{"line":216,"column":11}},"76":{"start":{"line":218,"column":4},"end":{"line":218,"column":60}},"77":{"start":{"line":219,"column":4},"end":{"line":219,"column":11}},"78":{"start":{"line":229,"column":27},"end":{"line":282,"column":1}},"79":{"start":{"line":230,"column":2},"end":{"line":281,"column":3}},"80":{"start":{"line":231,"column":24},"end":{"line":237,"column":5}},"81":{"start":{"line":239,"column":24},"end":{"line":241,"column":5}},"82":{"start":{"line":240,"column":6},"end":{"line":240,"column":62}},"83":{"start":{"line":240,"column":43},"end":{"line":240,"column":60}},"84":{"start":{"line":243,"column":24},"end":{"line":253,"column":5}},"85":{"start":{"line":244,"column":6},"end":{"line":246,"column":7}},"86":{"start":{"line":245,"column":8},"end":{"line":245,"column":32}},"87":{"start":{"line":247,"column":6},"end":{"line":251,"column":7}},"88":{"start":{"line":248,"column":8},"end":{"line":250,"column":9}},"89":{"start":{"line":249,"column":10},"end":{"line":249,"column":46}},"90":{"start":{"line":249,"column":34},"end":{"line":249,"column":46}},"91":{"start":{"line":252,"column":6},"end":{"line":252,"column":19}},"92":{"start":{"line":256,"column":4},"end":{"line":275,"column":5}},"93":{"start":{"line":261,"column":6},"end":{"line":269,"column":9}},"94":{"start":{"line":271,"column":6},"end":{"line":274,"column":9}},"95":{"start":{"line":277,"column":4},"end":{"line":277,"column":11}},"96":{"start":{"line":279,"column":4},"end":{"line":279,"column":64}},"97":{"start":{"line":280,"column":4},"end":{"line":280,"column":11}},"98":{"start":{"line":290,"column":18},"end":{"line":347,"column":1}},"99":{"start":{"line":291,"column":2},"end":{"line":346,"column":3}},"100":{"start":{"line":292,"column":24},"end":{"line":306,"column":5}},"101":{"start":{"line":308,"column":24},"end":{"line":310,"column":5}},"102":{"start":{"line":309,"column":6},"end":{"line":309,"column":62}},"103":{"start":{"line":309,"column":43},"end":{"line":309,"column":60}},"104":{"start":{"line":312,"column":24},"end":{"line":322,"column":5}},"105":{"start":{"line":313,"column":6},"end":{"line":315,"column":7}},"106":{"start":{"line":314,"column":8},"end":{"line":314,"column":32}},"107":{"start":{"line":316,"column":6},"end":{"line":320,"column":7}},"108":{"start":{"line":317,"column":8},"end":{"line":319,"column":9}},"109":{"start":{"line":318,"column":10},"end":{"line":318,"column":46}},"110":{"start":{"line":318,"column":34},"end":{"line":318,"column":46}},"111":{"start":{"line":321,"column":6},"end":{"line":321,"column":19}},"112":{"start":{"line":324,"column":4},"end":{"line":340,"column":5}},"113":{"start":{"line":329,"column":6},"end":{"line":334,"column":9}},"114":{"start":{"line":336,"column":6},"end":{"line":339,"column":9}},"115":{"start":{"line":342,"column":4},"end":{"line":342,"column":11}},"116":{"start":{"line":344,"column":4},"end":{"line":344,"column":54}},"117":{"start":{"line":345,"column":4},"end":{"line":345,"column":11}},"118":{"start":{"line":353,"column":22},"end":{"line":360,"column":1}},"119":{"start":{"line":362,"column":0},"end":{"line":373,"column":2}}},"fnMap":{"0":{"name":"(anonymous_0)","decl":{"start":{"line":13,"column":14},"end":{"line":13,"column":15}},"loc":{"start":{"line":13,"column":25},"end":{"line":13,"column":48}},"line":13},"1":{"name":"(anonymous_1)","decl":{"start":{"line":22,"column":23},"end":{"line":22,"column":24}},"loc":{"start":{"line":22,"column":34},"end":{"line":44,"column":1}},"line":22},"2":{"name":"(anonymous_2)","decl":{"start":{"line":51,"column":21},"end":{"line":51,"column":22}},"loc":{"start":{"line":51,"column":32},"end":{"line":74,"column":1}},"line":51},"3":{"name":"(anonymous_3)","decl":{"start":{"line":81,"column":23},"end":{"line":81,"column":24}},"loc":{"start":{"line":81,"column":32},"end":{"line":108,"column":1}},"line":81},"4":{"name":"(anonymous_4)","decl":{"start":{"line":85,"column":19},"end":{"line":85,"column":20}},"loc":{"start":{"line":85,"column":29},"end":{"line":85,"column":49}},"line":85},"5":{"name":"(anonymous_5)","decl":{"start":{"line":116,"column":21},"end":{"line":116,"column":22}},"loc":{"start":{"line":116,"column":41},"end":{"line":135,"column":1}},"line":116},"6":{"name":"(anonymous_6)","decl":{"start":{"line":143,"column":22},"end":{"line":143,"column":23}},"loc":{"start":{"line":143,"column":42},"end":{"line":162,"column":1}},"line":143},"7":{"name":"(anonymous_7)","decl":{"start":{"line":170,"column":23},"end":{"line":170,"column":24}},"loc":{"start":{"line":170,"column":43},"end":{"line":189,"column":1}},"line":170},"8":{"name":"(anonymous_8)","decl":{"start":{"line":197,"column":24},"end":{"line":197,"column":25}},"loc":{"start":{"line":197,"column":44},"end":{"line":221,"column":1}},"line":197},"9":{"name":"(anonymous_9)","decl":{"start":{"line":202,"column":30},"end":{"line":202,"column":31}},"loc":{"start":{"line":202,"column":42},"end":{"line":214,"column":5}},"line":202},"10":{"name":"(anonymous_10)","decl":{"start":{"line":229,"column":27},"end":{"line":229,"column":28}},"loc":{"start":{"line":229,"column":47},"end":{"line":282,"column":1}},"line":229},"11":{"name":"(anonymous_11)","decl":{"start":{"line":239,"column":24},"end":{"line":239,"column":25}},"loc":{"start":{"line":239,"column":33},"end":{"line":241,"column":5}},"line":239},"12":{"name":"(anonymous_12)","decl":{"start":{"line":240,"column":30},"end":{"line":240,"column":31}},"loc":{"start":{"line":240,"column":43},"end":{"line":240,"column":60}},"line":240},"13":{"name":"(anonymous_13)","decl":{"start":{"line":243,"column":24},"end":{"line":243,"column":25}},"loc":{"start":{"line":243,"column":33},"end":{"line":253,"column":5}},"line":243},"14":{"name":"(anonymous_14)","decl":{"start":{"line":290,"column":18},"end":{"line":290,"column":19}},"loc":{"start":{"line":290,"column":38},"end":{"line":347,"column":1}},"line":290},"15":{"name":"(anonymous_15)","decl":{"start":{"line":308,"column":24},"end":{"line":308,"column":25}},"loc":{"start":{"line":308,"column":33},"end":{"line":310,"column":5}},"line":308},"16":{"name":"(anonymous_16)","decl":{"start":{"line":309,"column":30},"end":{"line":309,"column":31}},"loc":{"start":{"line":309,"column":43},"end":{"line":309,"column":60}},"line":309},"17":{"name":"(anonymous_17)","decl":{"start":{"line":312,"column":24},"end":{"line":312,"column":25}},"loc":{"start":{"line":312,"column":33},"end":{"line":322,"column":5}},"line":312}},"branchMap":{"0":{"loc":{"start":{"line":23,"column":2},"end":{"line":23,"column":46}},"type":"if","locations":[{"start":{"line":23,"column":2},"end":{"line":23,"column":46}},{"start":{},"end":{}}],"line":23},"1":{"loc":{"start":{"line":52,"column":2},"end":{"line":52,"column":46}},"type":"if","locations":[{"start":{"line":52,"column":2},"end":{"line":52,"column":46}},{"start":{},"end":{}}],"line":52},"2":{"loc":{"start":{"line":82,"column":2},"end":{"line":82,"column":58}},"type":"if","locations":[{"start":{"line":82,"column":2},"end":{"line":82,"column":58}},{"start":{},"end":{}}],"line":82},"3":{"loc":{"start":{"line":82,"column":6},"end":{"line":82,"column":45}},"type":"binary-expr","locations":[{"start":{"line":82,"column":6},"end":{"line":82,"column":18}},{"start":{"line":82,"column":22},"end":{"line":82,"column":45}}],"line":82},"4":{"loc":{"start":{"line":84,"column":2},"end":{"line":86,"column":3}},"type":"if","locations":[{"start":{"line":84,"column":2},"end":{"line":86,"column":3}},{"start":{},"end":{}}],"line":84},"5":{"loc":{"start":{"line":90,"column":4},"end":{"line":104,"column":5}},"type":"if","locations":[{"start":{"line":90,"column":4},"end":{"line":104,"column":5}},{"start":{"line":100,"column":11},"end":{"line":104,"column":5}}],"line":90},"6":{"loc":{"start":{"line":92,"column":6},"end":{"line":99,"column":7}},"type":"if","locations":[{"start":{"line":92,"column":6},"end":{"line":99,"column":7}},{"start":{"line":97,"column":13},"end":{"line":99,"column":7}}],"line":92},"7":{"loc":{"start":{"line":93,"column":8},"end":{"line":94,"column":45}},"type":"binary-expr","locations":[{"start":{"line":93,"column":8},"end":{"line":93,"column":42}},{"start":{"line":94,"column":8},"end":{"line":94,"column":45}}],"line":93},"8":{"loc":{"start":{"line":100,"column":11},"end":{"line":104,"column":5}},"type":"if","locations":[{"start":{"line":100,"column":11},"end":{"line":104,"column":5}},{"start":{"line":102,"column":11},"end":{"line":104,"column":5}}],"line":100},"9":{"loc":{"start":{"line":118,"column":4},"end":{"line":124,"column":5}},"type":"if","locations":[{"start":{"line":118,"column":4},"end":{"line":124,"column":5}},{"start":{},"end":{}}],"line":118},"10":{"loc":{"start":{"line":118,"column":8},"end":{"line":118,"column":48}},"type":"binary-expr","locations":[{"start":{"line":118,"column":8},"end":{"line":118,"column":16}},{"start":{"line":118,"column":20},"end":{"line":118,"column":48}}],"line":118},"11":{"loc":{"start":{"line":121,"column":6},"end":{"line":123,"column":7}},"type":"if","locations":[{"start":{"line":121,"column":6},"end":{"line":123,"column":7}},{"start":{},"end":{}}],"line":121},"12":{"loc":{"start":{"line":145,"column":4},"end":{"line":155,"column":5}},"type":"if","locations":[{"start":{"line":145,"column":4},"end":{"line":155,"column":5}},{"start":{},"end":{}}],"line":145},"13":{"loc":{"start":{"line":145,"column":8},"end":{"line":145,"column":50}},"type":"binary-expr","locations":[{"start":{"line":145,"column":8},"end":{"line":145,"column":17}},{"start":{"line":145,"column":21},"end":{"line":145,"column":50}}],"line":145},"14":{"loc":{"start":{"line":147,"column":8},"end":{"line":149,"column":9}},"type":"if","locations":[{"start":{"line":147,"column":8},"end":{"line":149,"column":9}},{"start":{},"end":{}}],"line":147},"15":{"loc":{"start":{"line":152,"column":6},"end":{"line":154,"column":7}},"type":"if","locations":[{"start":{"line":152,"column":6},"end":{"line":154,"column":7}},{"start":{},"end":{}}],"line":152},"16":{"loc":{"start":{"line":172,"column":4},"end":{"line":182,"column":5}},"type":"if","locations":[{"start":{"line":172,"column":4},"end":{"line":182,"column":5}},{"start":{},"end":{}}],"line":172},"17":{"loc":{"start":{"line":172,"column":8},"end":{"line":172,"column":52}},"type":"binary-expr","locations":[{"start":{"line":172,"column":8},"end":{"line":172,"column":18}},{"start":{"line":172,"column":22},"end":{"line":172,"column":52}}],"line":172},"18":{"loc":{"start":{"line":174,"column":8},"end":{"line":176,"column":9}},"type":"if","locations":[{"start":{"line":174,"column":8},"end":{"line":176,"column":9}},{"start":{},"end":{}}],"line":174},"19":{"loc":{"start":{"line":179,"column":6},"end":{"line":181,"column":7}},"type":"if","locations":[{"start":{"line":179,"column":6},"end":{"line":181,"column":7}},{"start":{},"end":{}}],"line":179},"20":{"loc":{"start":{"line":204,"column":6},"end":{"line":213,"column":7}},"type":"if","locations":[{"start":{"line":204,"column":6},"end":{"line":213,"column":7}},{"start":{},"end":{}}],"line":204},"21":{"loc":{"start":{"line":204,"column":10},"end":{"line":204,"column":44}},"type":"binary-expr","locations":[{"start":{"line":204,"column":10},"end":{"line":204,"column":15}},{"start":{"line":204,"column":19},"end":{"line":204,"column":44}}],"line":204},"22":{"loc":{"start":{"line":207,"column":8},"end":{"line":212,"column":9}},"type":"if","locations":[{"start":{"line":207,"column":8},"end":{"line":212,"column":9}},{"start":{},"end":{}}],"line":207},"23":{"loc":{"start":{"line":244,"column":6},"end":{"line":246,"column":7}},"type":"if","locations":[{"start":{"line":244,"column":6},"end":{"line":246,"column":7}},{"start":{},"end":{}}],"line":244},"24":{"loc":{"start":{"line":247,"column":6},"end":{"line":251,"column":7}},"type":"if","locations":[{"start":{"line":247,"column":6},"end":{"line":251,"column":7}},{"start":{},"end":{}}],"line":247},"25":{"loc":{"start":{"line":247,"column":10},"end":{"line":247,"column":49}},"type":"binary-expr","locations":[{"start":{"line":247,"column":10},"end":{"line":247,"column":33}},{"start":{"line":247,"column":37},"end":{"line":247,"column":49}}],"line":247},"26":{"loc":{"start":{"line":249,"column":10},"end":{"line":249,"column":46}},"type":"if","locations":[{"start":{"line":249,"column":10},"end":{"line":249,"column":46}},{"start":{},"end":{}}],"line":249},"27":{"loc":{"start":{"line":256,"column":4},"end":{"line":275,"column":5}},"type":"if","locations":[{"start":{"line":256,"column":4},"end":{"line":275,"column":5}},{"start":{},"end":{}}],"line":256},"28":{"loc":{"start":{"line":257,"column":6},"end":{"line":259,"column":29}},"type":"binary-expr","locations":[{"start":{"line":257,"column":6},"end":{"line":257,"column":27}},{"start":{"line":258,"column":6},"end":{"line":258,"column":28}},{"start":{"line":259,"column":6},"end":{"line":259,"column":29}}],"line":257},"29":{"loc":{"start":{"line":313,"column":6},"end":{"line":315,"column":7}},"type":"if","locations":[{"start":{"line":313,"column":6},"end":{"line":315,"column":7}},{"start":{},"end":{}}],"line":313},"30":{"loc":{"start":{"line":316,"column":6},"end":{"line":320,"column":7}},"type":"if","locations":[{"start":{"line":316,"column":6},"end":{"line":320,"column":7}},{"start":{},"end":{}}],"line":316},"31":{"loc":{"start":{"line":316,"column":10},"end":{"line":316,"column":49}},"type":"binary-expr","locations":[{"start":{"line":316,"column":10},"end":{"line":316,"column":33}},{"start":{"line":316,"column":37},"end":{"line":316,"column":49}}],"line":316},"32":{"loc":{"start":{"line":318,"column":10},"end":{"line":318,"column":46}},"type":"if","locations":[{"start":{"line":318,"column":10},"end":{"line":318,"column":46}},{"start":{},"end":{}}],"line":318},"33":{"loc":{"start":{"line":324,"column":4},"end":{"line":340,"column":5}},"type":"if","locations":[{"start":{"line":324,"column":4},"end":{"line":340,"column":5}},{"start":{},"end":{}}],"line":324},"34":{"loc":{"start":{"line":325,"column":6},"end":{"line":327,"column":29}},"type":"binary-expr","locations":[{"start":{"line":325,"column":6},"end":{"line":325,"column":27}},{"start":{"line":326,"column":6},"end":{"line":326,"column":28}},{"start":{"line":327,"column":6},"end":{"line":327,"column":29}}],"line":325}},"s":{"0":1,"1":1,"2":1,"3":1,"4":1,"5":25,"6":1,"7":27,"8":5,"9":22,"10":22,"11":22,"12":22,"13":22,"14":22,"15":1,"16":5,"17":2,"18":3,"19":1,"20":11,"21":5,"22":6,"23":1,"24":3,"25":5,"26":5,"27":12,"28":8,"29":2,"30":6,"31":4,"32":1,"33":3,"34":5,"35":1,"36":3,"37":3,"38":2,"39":2,"40":0,"41":3,"42":0,"43":0,"44":1,"45":3,"46":3,"47":2,"48":4,"49":4,"50":2,"51":0,"52":3,"53":0,"54":0,"55":1,"56":3,"57":3,"58":2,"59":3,"60":3,"61":2,"62":0,"63":3,"64":0,"65":0,"66":1,"67":3,"68":3,"69":3,"70":9,"71":9,"72":6,"73":6,"74":4,"75":3,"76":0,"77":0,"78":1,"79":6,"80":6,"81":6,"82":12,"83":49,"84":6,"85":28,"86":12,"87":16,"88":15,"89":13,"90":3,"91":13,"92":6,"93":3,"94":3,"95":3,"96":0,"97":0,"98":1,"99":9,"100":9,"101":9,"102":13,"103":99,"104":9,"105":28,"106":13,"107":15,"108":14,"109":14,"110":7,"111":8,"112":9,"113":7,"114":7,"115":2,"116":0,"117":0,"118":1,"119":1},"f":{"0":25,"1":27,"2":5,"3":11,"4":3,"5":3,"6":3,"7":3,"8":3,"9":9,"10":6,"11":12,"12":49,"13":28,"14":9,"15":13,"16":99,"17":28},"b":{"0":[5,22],"1":[2,3],"2":[5,6],"3":[11,10],"4":[1,5],"5":[8,4],"6":[2,6],"7":[8,7],"8":[1,3],"9":[2,1],"10":[3,3],"11":[0,2],"12":[2,1],"13":[3,3],"14":[4,0],"15":[0,2],"16":[2,1],"17":[3,3],"18":[3,0],"19":[0,2],"20":[6,3],"21":[9,6],"22":[4,2],"23":[12,16],"24":[15,1],"25":[16,15],"26":[3,10],"27":[3,3],"28":[6,5,4],"29":[13,15],"30":[14,1],"31":[15,14],"32":[7,7],"33":[7,2],"34":[9,3,2]},"_coverageSchema":"1a1c01bbd47fc00a2c39e90264f33305004495a9","hash":"017081bf2e4489b7e11f402a180ee8a4b7b8576b"}
,"C:\\Users\\Admin\\Desktop\\backend\\Data\\models\\CreateNewUser.js": {"path":"C:\\Users\\Admin\\Desktop\\backend\\Data\\models\\CreateNewUser.js","statementMap":{"0":{"start":{"line":6,"column":17},"end":{"line":6,"column":36}},"1":{"start":{"line":7,"column":25},"end":{"line":7,"column":49}},"2":{"start":{"line":12,"column":28},"end":{"line":187,"column":1}},"3":{"start":{"line":162,"column":8},"end":{"line":162,"column":28}},"4":{"start":{"line":163,"column":8},"end":{"line":163,"column":42}},"5":{"start":{"line":164,"column":8},"end":{"line":164,"column":44}},"6":{"start":{"line":165,"column":8},"end":{"line":165,"column":42}},"7":{"start":{"line":166,"column":8},"end":{"line":166,"column":44}},"8":{"start":{"line":167,"column":8},"end":{"line":167,"column":23}},"9":{"start":{"line":168,"column":8},"end":{"line":168,"column":19}},"10":{"start":{"line":177,"column":8},"end":{"line":177,"column":28}},"11":{"start":{"line":178,"column":8},"end":{"line":178,"column":42}},"12":{"start":{"line":179,"column":8},"end":{"line":179,"column":44}},"13":{"start":{"line":180,"column":8},"end":{"line":180,"column":42}},"14":{"start":{"line":181,"column":8},"end":{"line":181,"column":44}},"15":{"start":{"line":182,"column":8},"end":{"line":182,"column":23}},"16":{"start":{"line":183,"column":8},"end":{"line":183,"column":19}},"17":{"start":{"line":192,"column":0},"end":{"line":196,"column":3}},"18":{"start":{"line":193,"column":2},"end":{"line":195,"column":4}},"19":{"start":{"line":201,"column":0},"end":{"line":214,"column":3}},"20":{"start":{"line":202,"column":2},"end":{"line":202,"column":45}},"21":{"start":{"line":202,"column":33},"end":{"line":202,"column":45}},"22":{"start":{"line":204,"column":14},"end":{"line":204,"column":24}},"23":{"start":{"line":205,"column":20},"end":{"line":205,"column":34}},"24":{"start":{"line":206,"column":19},"end":{"line":206,"column":44}},"25":{"start":{"line":207,"column":20},"end":{"line":207,"column":59}},"26":{"start":{"line":209,"column":2},"end":{"line":209,"column":42}},"27":{"start":{"line":209,"column":21},"end":{"line":209,"column":42}},"28":{"start":{"line":210,"column":2},"end":{"line":210,"column":54}},"29":{"start":{"line":210,"column":22},"end":{"line":210,"column":54}},"30":{"start":{"line":212,"column":19},"end":{"line":212,"column":45}},"31":{"start":{"line":213,"column":2},"end":{"line":213,"column":34}},"32":{"start":{"line":219,"column":0},"end":{"line":246,"column":3}},"33":{"start":{"line":220,"column":2},"end":{"line":245,"column":3}},"34":{"start":{"line":222,"column":4},"end":{"line":224,"column":5}},"35":{"start":{"line":223,"column":6},"end":{"line":223,"column":56}},"36":{"start":{"line":227,"column":4},"end":{"line":232,"column":5}},"37":{"start":{"line":228,"column":6},"end":{"line":228,"column":76}},"38":{"start":{"line":229,"column":6},"end":{"line":231,"column":8}},"39":{"start":{"line":235,"column":4},"end":{"line":240,"column":5}},"40":{"start":{"line":236,"column":6},"end":{"line":236,"column":76}},"41":{"start":{"line":237,"column":6},"end":{"line":239,"column":8}},"42":{"start":{"line":242,"column":4},"end":{"line":242,"column":11}},"43":{"start":{"line":244,"column":4},"end":{"line":244,"column":16}},"44":{"start":{"line":251,"column":0},"end":{"line":263,"column":2}},"45":{"start":{"line":254,"column":2},"end":{"line":262,"column":3}},"46":{"start":{"line":255,"column":20},"end":{"line":258,"column":5}},"47":{"start":{"line":259,"column":4},"end":{"line":259,"column":19}},"48":{"start":{"line":261,"column":4},"end":{"line":261,"column":48}},"49":{"start":{"line":268,"column":0},"end":{"line":281,"column":2}},"50":{"start":{"line":269,"column":2},"end":{"line":271,"column":3}},"51":{"start":{"line":270,"column":4},"end":{"line":270,"column":49}},"52":{"start":{"line":273,"column":28},"end":{"line":273,"column":52}},"53":{"start":{"line":275,"column":2},"end":{"line":280,"column":5}},"54":{"start":{"line":286,"column":0},"end":{"line":293,"column":2}},"55":{"start":{"line":289,"column":2},"end":{"line":291,"column":4}},"56":{"start":{"line":292,"column":2},"end":{"line":292,"column":37}},"57":{"start":{"line":298,"column":0},"end":{"line":305,"column":2}},"58":{"start":{"line":301,"column":2},"end":{"line":303,"column":4}},"59":{"start":{"line":304,"column":2},"end":{"line":304,"column":37}},"60":{"start":{"line":310,"column":0},"end":{"line":324,"column":2}},"61":{"start":{"line":311,"column":2},"end":{"line":313,"column":3}},"62":{"start":{"line":312,"column":4},"end":{"line":312,"column":17}},"63":{"start":{"line":315,"column":2},"end":{"line":317,"column":3}},"64":{"start":{"line":316,"column":4},"end":{"line":316,"column":17}},"65":{"start":{"line":319,"column":2},"end":{"line":319,"column":30}},"66":{"start":{"line":320,"column":2},"end":{"line":320,"column":42}},"67":{"start":{"line":321,"column":2},"end":{"line":321,"column":44}},"68":{"start":{"line":323,"column":2},"end":{"line":323,"column":14}},"69":{"start":{"line":329,"column":0},"end":{"line":343,"column":2}},"70":{"start":{"line":330,"column":2},"end":{"line":332,"column":3}},"71":{"start":{"line":331,"column":4},"end":{"line":331,"column":17}},"72":{"start":{"line":334,"column":2},"end":{"line":336,"column":3}},"73":{"start":{"line":335,"column":4},"end":{"line":335,"column":17}},"74":{"start":{"line":338,"column":2},"end":{"line":338,"column":30}},"75":{"start":{"line":339,"column":2},"end":{"line":339,"column":42}},"76":{"start":{"line":340,"column":2},"end":{"line":340,"column":44}},"77":{"start":{"line":342,"column":2},"end":{"line":342,"column":14}},"78":{"start":{"line":348,"column":0},"end":{"line":353,"column":2}},"79":{"start":{"line":349,"column":2},"end":{"line":349,"column":25}},"80":{"start":{"line":350,"column":2},"end":{"line":350,"column":28}},"81":{"start":{"line":351,"column":2},"end":{"line":351,"column":31}},"82":{"start":{"line":352,"column":2},"end":{"line":352,"column":26}},"83":{"start":{"line":358,"column":0},"end":{"line":361,"column":2}},"84":{"start":{"line":359,"column":2},"end":{"line":359,"column":26}},"85":{"start":{"line":360,"column":2},"end":{"line":360,"column":32}},"86":{"start":{"line":366,"column":0},"end":{"line":368,"column":2}},"87":{"start":{"line":367,"column":2},"end":{"line":367,"column":54}},"88":{"start":{"line":373,"column":0},"end":{"line":375,"column":2}},"89":{"start":{"line":374,"column":2},"end":{"line":374,"column":40}},"90":{"start":{"line":380,"column":0},"end":{"line":382,"column":2}},"91":{"start":{"line":381,"column":2},"end":{"line":381,"column":66}},"92":{"start":{"line":387,"column":0},"end":{"line":404,"column":2}},"93":{"start":{"line":388,"column":16},"end":{"line":395,"column":4}},"94":{"start":{"line":397,"column":2},"end":{"line":403,"column":4}},"95":{"start":{"line":399,"column":6},"end":{"line":399,"column":33}},"96":{"start":{"line":400,"column":6},"end":{"line":400,"column":17}},"97":{"start":{"line":409,"column":0},"end":{"line":409,"column":40}},"98":{"start":{"line":410,"column":0},"end":{"line":410,"column":40}},"99":{"start":{"line":411,"column":0},"end":{"line":411,"column":41}},"100":{"start":{"line":412,"column":0},"end":{"line":412,"column":45}},"101":{"start":{"line":413,"column":0},"end":{"line":413,"column":44}},"102":{"start":{"line":414,"column":0},"end":{"line":414,"column":43}},"103":{"start":{"line":419,"column":0},"end":{"line":419,"column":70}}},"fnMap":{"0":{"name":"(anonymous_0)","decl":{"start":{"line":160,"column":17},"end":{"line":160,"column":18}},"loc":{"start":{"line":160,"column":37},"end":{"line":169,"column":7}},"line":160},"1":{"name":"(anonymous_1)","decl":{"start":{"line":175,"column":17},"end":{"line":175,"column":18}},"loc":{"start":{"line":175,"column":37},"end":{"line":184,"column":7}},"line":175},"2":{"name":"(anonymous_2)","decl":{"start":{"line":192,"column":44},"end":{"line":192,"column":45}},"loc":{"start":{"line":192,"column":56},"end":{"line":196,"column":1}},"line":192},"3":{"name":"(anonymous_3)","decl":{"start":{"line":201,"column":47},"end":{"line":201,"column":48}},"loc":{"start":{"line":201,"column":59},"end":{"line":214,"column":1}},"line":201},"4":{"name":"(anonymous_4)","decl":{"start":{"line":219,"column":32},"end":{"line":219,"column":33}},"loc":{"start":{"line":219,"column":54},"end":{"line":246,"column":1}},"line":219},"5":{"name":"(anonymous_5)","decl":{"start":{"line":251,"column":46},"end":{"line":251,"column":47}},"loc":{"start":{"line":253,"column":2},"end":{"line":263,"column":1}},"line":253},"6":{"name":"(anonymous_6)","decl":{"start":{"line":268,"column":48},"end":{"line":268,"column":49}},"loc":{"start":{"line":268,"column":60},"end":{"line":281,"column":1}},"line":268},"7":{"name":"(anonymous_7)","decl":{"start":{"line":286,"column":52},"end":{"line":286,"column":53}},"loc":{"start":{"line":286,"column":64},"end":{"line":293,"column":1}},"line":286},"8":{"name":"(anonymous_8)","decl":{"start":{"line":298,"column":52},"end":{"line":298,"column":53}},"loc":{"start":{"line":298,"column":64},"end":{"line":305,"column":1}},"line":298},"9":{"name":"(anonymous_9)","decl":{"start":{"line":310,"column":42},"end":{"line":310,"column":43}},"loc":{"start":{"line":310,"column":59},"end":{"line":324,"column":1}},"line":310},"10":{"name":"(anonymous_10)","decl":{"start":{"line":329,"column":42},"end":{"line":329,"column":43}},"loc":{"start":{"line":329,"column":59},"end":{"line":343,"column":1}},"line":329},"11":{"name":"(anonymous_11)","decl":{"start":{"line":348,"column":38},"end":{"line":348,"column":39}},"loc":{"start":{"line":348,"column":69},"end":{"line":353,"column":1}},"line":348},"12":{"name":"(anonymous_12)","decl":{"start":{"line":358,"column":37},"end":{"line":358,"column":38}},"loc":{"start":{"line":358,"column":55},"end":{"line":361,"column":1}},"line":358},"13":{"name":"(anonymous_13)","decl":{"start":{"line":366,"column":42},"end":{"line":366,"column":43}},"loc":{"start":{"line":366,"column":59},"end":{"line":368,"column":1}},"line":366},"14":{"name":"(anonymous_14)","decl":{"start":{"line":373,"column":42},"end":{"line":373,"column":43}},"loc":{"start":{"line":373,"column":59},"end":{"line":375,"column":1}},"line":373},"15":{"name":"(anonymous_15)","decl":{"start":{"line":380,"column":54},"end":{"line":380,"column":55}},"loc":{"start":{"line":380,"column":66},"end":{"line":382,"column":1}},"line":380},"16":{"name":"(anonymous_16)","decl":{"start":{"line":387,"column":51},"end":{"line":387,"column":52}},"loc":{"start":{"line":387,"column":69},"end":{"line":404,"column":1}},"line":387},"17":{"name":"(anonymous_17)","decl":{"start":{"line":398,"column":4},"end":{"line":398,"column":5}},"loc":{"start":{"line":398,"column":19},"end":{"line":401,"column":5}},"line":398}},"branchMap":{"0":{"loc":{"start":{"line":194,"column":4},"end":{"line":194,"column":76}},"type":"binary-expr","locations":[{"start":{"line":194,"column":4},"end":{"line":194,"column":28}},{"start":{"line":194,"column":32},"end":{"line":194,"column":52}},{"start":{"line":194,"column":56},"end":{"line":194,"column":76}}],"line":194},"1":{"loc":{"start":{"line":202,"column":2},"end":{"line":202,"column":45}},"type":"if","locations":[{"start":{"line":202,"column":2},"end":{"line":202,"column":45}},{"start":{},"end":{}}],"line":202},"2":{"loc":{"start":{"line":209,"column":2},"end":{"line":209,"column":42}},"type":"if","locations":[{"start":{"line":209,"column":2},"end":{"line":209,"column":42}},{"start":{},"end":{}}],"line":209},"3":{"loc":{"start":{"line":210,"column":2},"end":{"line":210,"column":54}},"type":"if","locations":[{"start":{"line":210,"column":2},"end":{"line":210,"column":54}},{"start":{},"end":{}}],"line":210},"4":{"loc":{"start":{"line":222,"column":4},"end":{"line":224,"column":5}},"type":"if","locations":[{"start":{"line":222,"column":4},"end":{"line":224,"column":5}},{"start":{},"end":{}}],"line":222},"5":{"loc":{"start":{"line":227,"column":4},"end":{"line":232,"column":5}},"type":"if","locations":[{"start":{"line":227,"column":4},"end":{"line":232,"column":5}},{"start":{},"end":{}}],"line":227},"6":{"loc":{"start":{"line":227,"column":8},"end":{"line":227,"column":64}},"type":"binary-expr","locations":[{"start":{"line":227,"column":8},"end":{"line":227,"column":32}},{"start":{"line":227,"column":36},"end":{"line":227,"column":64}}],"line":227},"7":{"loc":{"start":{"line":235,"column":4},"end":{"line":240,"column":5}},"type":"if","locations":[{"start":{"line":235,"column":4},"end":{"line":240,"column":5}},{"start":{},"end":{}}],"line":235},"8":{"loc":{"start":{"line":235,"column":8},"end":{"line":235,"column":64}},"type":"binary-expr","locations":[{"start":{"line":235,"column":8},"end":{"line":235,"column":32}},{"start":{"line":235,"column":36},"end":{"line":235,"column":64}}],"line":235},"9":{"loc":{"start":{"line":269,"column":2},"end":{"line":271,"column":3}},"type":"if","locations":[{"start":{"line":269,"column":2},"end":{"line":271,"column":3}},{"start":{},"end":{}}],"line":269},"10":{"loc":{"start":{"line":311,"column":2},"end":{"line":313,"column":3}},"type":"if","locations":[{"start":{"line":311,"column":2},"end":{"line":313,"column":3}},{"start":{},"end":{}}],"line":311},"11":{"loc":{"start":{"line":315,"column":2},"end":{"line":317,"column":3}},"type":"if","locations":[{"start":{"line":315,"column":2},"end":{"line":317,"column":3}},{"start":{},"end":{}}],"line":315},"12":{"loc":{"start":{"line":330,"column":2},"end":{"line":332,"column":3}},"type":"if","locations":[{"start":{"line":330,"column":2},"end":{"line":332,"column":3}},{"start":{},"end":{}}],"line":330},"13":{"loc":{"start":{"line":334,"column":2},"end":{"line":336,"column":3}},"type":"if","locations":[{"start":{"line":334,"column":2},"end":{"line":336,"column":3}},{"start":{},"end":{}}],"line":334},"14":{"loc":{"start":{"line":348,"column":57},"end":{"line":348,"column":67}},"type":"default-arg","locations":[{"start":{"line":348,"column":65},"end":{"line":348,"column":67}}],"line":348}},"s":{"0":2,"1":2,"2":2,"3":2,"4":2,"5":2,"6":2,"7":2,"8":2,"9":2,"10":0,"11":0,"12":0,"13":0,"14":0,"15":0,"16":0,"17":2,"18":6,"19":2,"20":4,"21":1,"22":3,"23":3,"24":3,"25":3,"26":3,"27":3,"28":0,"29":0,"30":0,"31":0,"32":2,"33":68,"34":68,"35":65,"36":68,"37":65,"38":65,"39":68,"40":65,"41":65,"42":68,"43":0,"44":2,"45":2,"46":2,"47":2,"48":0,"49":2,"50":2,"51":1,"52":1,"53":1,"54":2,"55":1,"56":1,"57":2,"58":1,"59":1,"60":2,"61":3,"62":1,"63":2,"64":1,"65":1,"66":1,"67":1,"68":1,"69":2,"70":3,"71":1,"72":2,"73":1,"74":1,"75":1,"76":1,"77":1,"78":2,"79":2,"80":2,"81":2,"82":2,"83":2,"84":1,"85":1,"86":2,"87":3,"88":2,"89":2,"90":2,"91":2,"92":2,"93":1,"94":1,"95":3,"96":3,"97":2,"98":2,"99":2,"100":2,"101":2,"102":2,"103":2},"f":{"0":2,"1":0,"2":6,"3":4,"4":68,"5":2,"6":2,"7":1,"8":1,"9":3,"10":3,"11":2,"12":1,"13":3,"14":2,"15":2,"16":1,"17":3},"b":{"0":[6,3,2],"1":[1,3],"2":[3,0],"3":[0,0],"4":[65,3],"5":[65,3],"6":[68,65],"7":[65,3],"8":[68,65],"9":[1,1],"10":[1,2],"11":[1,1],"12":[1,2],"13":[1,1],"14":[1]},"_coverageSchema":"1a1c01bbd47fc00a2c39e90264f33305004495a9","hash":"d0477fd4d7dcc8dd03325ae3aa106bbfb42a9321"}
,"C:\\Users\\Admin\\Desktop\\backend\\Data\\models\\TrackingUserForLogout.js": {"path":"C:\\Users\\Admin\\Desktop\\backend\\Data\\models\\TrackingUserForLogout.js","statementMap":{"0":{"start":{"line":6,"column":17},"end":{"line":6,"column":36}},"1":{"start":{"line":11,"column":36},"end":{"line":168,"column":1}},"2":{"start":{"line":173,"column":0},"end":{"line":175,"column":3}},"3":{"start":{"line":174,"column":2},"end":{"line":174,"column":48}},"4":{"start":{"line":180,"column":0},"end":{"line":182,"column":3}},"5":{"start":{"line":181,"column":2},"end":{"line":181,"column":55}},"6":{"start":{"line":187,"column":0},"end":{"line":190,"column":3}},"7":{"start":{"line":189,"column":2},"end":{"line":189,"column":39}},"8":{"start":{"line":195,"column":0},"end":{"line":198,"column":3}},"9":{"start":{"line":197,"column":2},"end":{"line":197,"column":34}},"10":{"start":{"line":203,"column":0},"end":{"line":205,"column":3}},"11":{"start":{"line":204,"column":2},"end":{"line":204,"column":48}},"12":{"start":{"line":210,"column":0},"end":{"line":212,"column":3}},"13":{"start":{"line":211,"column":2},"end":{"line":211,"column":49}},"14":{"start":{"line":217,"column":0},"end":{"line":225,"column":3}},"15":{"start":{"line":219,"column":2},"end":{"line":222,"column":3}},"16":{"start":{"line":220,"column":23},"end":{"line":220,"column":55}},"17":{"start":{"line":221,"column":4},"end":{"line":221,"column":77}},"18":{"start":{"line":224,"column":2},"end":{"line":224,"column":9}},"19":{"start":{"line":230,"column":0},"end":{"line":245,"column":2}},"20":{"start":{"line":234,"column":2},"end":{"line":234,"column":33}},"21":{"start":{"line":237,"column":2},"end":{"line":244,"column":3}},"22":{"start":{"line":238,"column":4},"end":{"line":243,"column":6}},"23":{"start":{"line":250,"column":0},"end":{"line":280,"column":2}},"24":{"start":{"line":251,"column":2},"end":{"line":251,"column":25}},"25":{"start":{"line":251,"column":18},"end":{"line":251,"column":25}},"26":{"start":{"line":253,"column":2},"end":{"line":253,"column":40}},"27":{"start":{"line":256,"column":2},"end":{"line":266,"column":3}},"28":{"start":{"line":261,"column":4},"end":{"line":261,"column":40}},"29":{"start":{"line":262,"column":9},"end":{"line":266,"column":3}},"30":{"start":{"line":263,"column":4},"end":{"line":263,"column":40}},"31":{"start":{"line":265,"column":4},"end":{"line":265,"column":41}},"32":{"start":{"line":269,"column":2},"end":{"line":279,"column":3}},"33":{"start":{"line":270,"column":4},"end":{"line":270,"column":39}},"34":{"start":{"line":271,"column":9},"end":{"line":279,"column":3}},"35":{"start":{"line":272,"column":4},"end":{"line":272,"column":40}},"36":{"start":{"line":273,"column":9},"end":{"line":279,"column":3}},"37":{"start":{"line":274,"column":4},"end":{"line":274,"column":39}},"38":{"start":{"line":275,"column":9},"end":{"line":279,"column":3}},"39":{"start":{"line":276,"column":4},"end":{"line":276,"column":37}},"40":{"start":{"line":278,"column":4},"end":{"line":278,"column":40}},"41":{"start":{"line":285,"column":0},"end":{"line":290,"column":2}},"42":{"start":{"line":289,"column":2},"end":{"line":289,"column":77}},"43":{"start":{"line":295,"column":0},"end":{"line":316,"column":4}},"44":{"start":{"line":297,"column":18},"end":{"line":306,"column":6}},"45":{"start":{"line":308,"column":4},"end":{"line":315,"column":11}},"46":{"start":{"line":309,"column":6},"end":{"line":313,"column":8}},"47":{"start":{"line":314,"column":6},"end":{"line":314,"column":17}},"48":{"start":{"line":321,"column":0},"end":{"line":334,"column":2}},"49":{"start":{"line":324,"column":21},"end":{"line":324,"column":66}},"50":{"start":{"line":326,"column":2},"end":{"line":333,"column":30}},"51":{"start":{"line":339,"column":0},"end":{"line":363,"column":2}},"52":{"start":{"line":342,"column":21},"end":{"line":342,"column":70}},"53":{"start":{"line":344,"column":16},"end":{"line":357,"column":4}},"54":{"start":{"line":359,"column":2},"end":{"line":362,"column":9}},"55":{"start":{"line":360,"column":4},"end":{"line":360,"column":31}},"56":{"start":{"line":361,"column":4},"end":{"line":361,"column":15}},"57":{"start":{"line":368,"column":0},"end":{"line":387,"column":2}},"58":{"start":{"line":369,"column":23},"end":{"line":380,"column":4}},"59":{"start":{"line":382,"column":2},"end":{"line":386,"column":6}},"60":{"start":{"line":382,"column":38},"end":{"line":386,"column":3}},"61":{"start":{"line":392,"column":0},"end":{"line":392,"column":49}},"62":{"start":{"line":393,"column":0},"end":{"line":393,"column":48}},"63":{"start":{"line":394,"column":0},"end":{"line":394,"column":54}},"64":{"start":{"line":395,"column":0},"end":{"line":395,"column":53}},"65":{"start":{"line":396,"column":0},"end":{"line":396,"column":50}},"66":{"start":{"line":397,"column":0},"end":{"line":397,"column":59}},"67":{"start":{"line":398,"column":0},"end":{"line":398,"column":55}},"68":{"start":{"line":399,"column":0},"end":{"line":399,"column":65}},"69":{"start":{"line":400,"column":0},"end":{"line":400,"column":53}},"70":{"start":{"line":405,"column":0},"end":{"line":408,"column":2}}},"fnMap":{"0":{"name":"(anonymous_0)","decl":{"start":{"line":173,"column":64},"end":{"line":173,"column":65}},"loc":{"start":{"line":173,"column":76},"end":{"line":175,"column":1}},"line":173},"1":{"name":"(anonymous_1)","decl":{"start":{"line":180,"column":63},"end":{"line":180,"column":64}},"loc":{"start":{"line":180,"column":75},"end":{"line":182,"column":1}},"line":180},"2":{"name":"(anonymous_2)","decl":{"start":{"line":187,"column":57},"end":{"line":187,"column":58}},"loc":{"start":{"line":187,"column":69},"end":{"line":190,"column":1}},"line":187},"3":{"name":"(anonymous_3)","decl":{"start":{"line":195,"column":58},"end":{"line":195,"column":59}},"loc":{"start":{"line":195,"column":70},"end":{"line":198,"column":1}},"line":195},"4":{"name":"(anonymous_4)","decl":{"start":{"line":203,"column":62},"end":{"line":203,"column":63}},"loc":{"start":{"line":203,"column":74},"end":{"line":205
[...]
2":{"name":"(anonymous_2)","decl":{"start":{"line":105,"column":35},"end":{"line":105,"column":36}},"loc":{"start":{"line":105,"column":47},"end":{"line":111,"column":1}},"line":105},"3":{"name":"(anonymous_3)","decl":{"start":{"line":117,"column":23},"end":{"line":117,"column":24}},"loc":{"start":{"line":117,"column":45},"end":{"line":130,"column":1}},"line":117},"4":{"name":"(anonymous_4)","decl":{"start":{"line":136,"column":50},"end":{"line":136,"column":51}},"loc":{"start":{"line":136,"column":72},"end":{"line":151,"column":1}},"line":136},"5":{"name":"(anonymous_5)","decl":{"start":{"line":157,"column":37},"end":{"line":157,"column":38}},"loc":{"start":{"line":157,"column":72},"end":{"line":167,"column":1}},"line":157},"6":{"name":"(anonymous_6)","decl":{"start":{"line":173,"column":39},"end":{"line":173,"column":40}},"loc":{"start":{"line":173,"column":51},"end":{"line":182,"column":1}},"line":173},"7":{"name":"(anonymous_7)","decl":{"start":{"line":188,"column":29},"end":{"line":188,"column":30}},"loc":{"start":{"line":188,"column":41},"end":{"line":190,"column":1}},"line":188},"8":{"name":"(anonymous_8)","decl":{"start":{"line":196,"column":28},"end":{"line":196,"column":29}},"loc":{"start":{"line":196,"column":40},"end":{"line":198,"column":1}},"line":196},"9":{"name":"(anonymous_9)","decl":{"start":{"line":204,"column":33},"end":{"line":204,"column":34}},"loc":{"start":{"line":204,"column":50},"end":{"line":206,"column":1}},"line":204},"10":{"name":"(anonymous_10)","decl":{"start":{"line":212,"column":31},"end":{"line":212,"column":32}},"loc":{"start":{"line":212,"column":43},"end":{"line":214,"column":1}},"line":212},"11":{"name":"(anonymous_11)","decl":{"start":{"line":220,"column":30},"end":{"line":220,"column":31}},"loc":{"start":{"line":220,"column":42},"end":{"line":222,"column":1}},"line":220},"12":{"name":"(anonymous_12)","decl":{"start":{"line":228,"column":33},"end":{"line":228,"column":34}},"loc":{"start":{"line":228,"column":51},"end":{"line":245,"column":1}},"line":228},"13":{"name":"(anonymous_13)","decl":{"start":{"line":239,"column":4},"end":{"line":239,"column":5}},"loc":{"start":{"line":239,"column":19},"end":{"line":242,"column":5}},"line":239}},"branchMap":{"0":{"loc":{"start":{"line":106,"column":2},"end":{"line":106,"column":39}},"type":"if","locations":[{"start":{"line":106,"column":2},"end":{"line":106,"column":39}},{"start":{},"end":{}}],"line":106},"1":{"loc":{"start":{"line":107,"column":2},"end":{"line":107,"column":42}},"type":"if","locations":[{"start":{"line":107,"column":2},"end":{"line":107,"column":42}},{"start":{},"end":{}}],"line":107},"2":{"loc":{"start":{"line":108,"column":2},"end":{"line":108,"column":36}},"type":"if","locations":[{"start":{"line":108,"column":2},"end":{"line":108,"column":36}},{"start":{},"end":{}}],"line":108},"3":{"loc":{"start":{"line":109,"column":2},"end":{"line":109,"column":42}},"type":"if","locations":[{"start":{"line":109,"column":2},"end":{"line":109,"column":42}},{"start":{},"end":{}}],"line":109},"4":{"loc":{"start":{"line":120,"column":4},"end":{"line":122,"column":5}},"type":"if","locations":[{"start":{"line":120,"column":4},"end":{"line":122,"column":5}},{"start":{},"end":{}}],"line":120},"5":{"loc":{"start":{"line":141,"column":4},"end":{"line":145,"column":5}},"type":"if","locations":[{"start":{"line":141,"column":4},"end":{"line":145,"column":5}},{"start":{},"end":{}}],"line":141}},"s":{"0":2,"1":2,"2":2,"3":2,"4":2,"5":2,"6":2,"7":2,"8":2,"9":2,"10":9,"11":1,"12":8,"13":5,"14":3,"15":1,"16":2,"17":1,"18":1,"19":2,"20":75,"21":75,"22":0,"23":75,"24":75,"25":0,"26":2,"27":6,"28":6,"29":6,"30":2,"31":2,"32":6,"33":0,"34":2,"35":2,"36":2,"37":2,"38":0,"39":2,"40":3,"41":3,"42":2,"43":2,"44":2,"45":2,"46":2,"47":3,"48":2,"49":1,"50":2,"51":1,"52":2,"53":1,"54":1,"55":2,"56":2,"57":2,"58":2,"59":2,"60":2},"f":{"0":2,"1":2,"2":9,"3":75,"4":6,"5":2,"6":3,"7":2,"8":2,"9":3,"10":1,"11":1,"12":1,"13":2},"b":{"0":[1,8],"1":[5,3],"2":[1,2],"3":[1,1],"4":[0,75],"5":[2,4]},"_coverageSchema":"1a1c01bbd47fc00a2c39e90264f33305004495a9","hash":"4b7785aea676d4d8849ddcae99e716295abcbaf5"}
,"C:\\Users\\Admin\\Desktop\\backend\\Data\\utils\\auth.js": {"path":"C:\\Users\\Admin\\Desktop\\backend\\Data\\utils\\auth.js","statementMap":{"0":{"start":{"line":6,"column":15},"end":{"line":6,"column":32}},"1":{"start":{"line":7,"column":12},"end":{"line":7,"column":35}},"2":{"start":{"line":8,"column":15},"end":{"line":8,"column":32}},"3":{"start":{"line":9,"column":0},"end":{"line":9,"column":27}},"4":{"start":{"line":16,"column":21},"end":{"line":26,"column":1}},"5":{"start":{"line":17,"column":2},"end":{"line":25,"column":3}},"6":{"start":{"line":19,"column":23},"end":{"line":19,"column":25}},"7":{"start":{"line":20,"column":27},"end":{"line":20,"column":66}},"8":{"start":{"line":21,"column":4},"end":{"line":21,"column":26}},"9":{"start":{"line":23,"column":4},"end":{"line":23,"column":61}},"10":{"start":{"line":24,"column":4},"end":{"line":24,"column":47}},"11":{"start":{"line":34,"column":24},"end":{"line":42,"column":1}},"12":{"start":{"line":35,"column":2},"end":{"line":41,"column":3}},"13":{"start":{"line":36,"column":20},"end":{"line":36,"column":66}},"14":{"start":{"line":37,"column":4},"end":{"line":37,"column":19}},"15":{"start":{"line":39,"column":4},"end":{"line":39,"column":64}},"16":{"start":{"line":40,"column":4},"end":{"line":40,"column":51}},"17":{"start":{"line":50,"column":22},"end":{"line":68,"column":1}},"18":{"start":{"line":51,"column":2},"end":{"line":67,"column":3}},"19":{"start":{"line":52,"column":19},"end":{"line":52,"column":41}},"20":{"start":{"line":53,"column":4},"end":{"line":55,"column":5}},"21":{"start":{"line":54,"column":6},"end":{"line":54,"column":56}},"22":{"start":{"line":57,"column":18},"end":{"line":61,"column":6}},"23":{"start":{"line":63,"column":4},"end":{"line":63,"column":17}},"24":{"start":{"line":65,"column":4},"end":{"line":65,"column":61}},"25":{"start":{"line":66,"column":4},"end":{"line":66,"column":52}},"26":{"start":{"line":75,"column":20},"end":{"line":92,"column":1}},"27":{"start":{"line":76,"column":2},"end":{"line":91,"column":3}},"28":{"start":{"line":77,"column":19},"end":{"line":77,"column":41}},"29":{"start":{"line":78,"column":4},"end":{"line":80,"column":5}},"30":{"start":{"line":79,"column":6},"end":{"line":79,"column":56}},"31":{"start":{"line":82,"column":20},"end":{"line":85,"column":6}},"32":{"start":{"line":87,"column":4},"end":{"line":87,"column":19}},"33":{"start":{"line":89,"column":4},"end":{"line":89,"column":66}},"34":{"start":{"line":90,"column":4},"end":{"line":90,"column":16}},"35":{"start":{"line":99,"column":29},"end":{"line":113,"column":1}},"36":{"start":{"line":100,"column":2},"end":{"line":112,"column":3}},"37":{"start":{"line":101,"column":19},"end":{"line":101,"column":54}},"38":{"start":{"line":102,"column":25},"end":{"line":106,"column":6}},"39":{"start":{"line":108,"column":4},"end":{"line":108,"column":24}},"40":{"start":{"line":110,"column":4},"end":{"line":110,"column":65}},"41":{"start":{"line":111,"column":4},"end":{"line":111,"column":51}},"42":{"start":{"line":120,"column":27},"end":{"line":133,"column":1}},"43":{"start":{"line":121,"column":2},"end":{"line":132,"column":3}},"44":{"start":{"line":122,"column":19},"end":{"line":122,"column":54}},"45":{"start":{"line":123,"column":20},"end":{"line":126,"column":6}},"46":{"start":{"line":128,"column":4},"end":{"line":128,"column":19}},"47":{"start":{"line":130,"column":4},"end":{"line":130,"column":70}},"48":{"start":{"line":131,"column":4},"end":{"line":131,"column":16}},"49":{"start":{"line":140,"column":29},"end":{"line":142,"column":1}},"50":{"start":{"line":141,"column":2},"end":{"line":141,"column":52}},"51":{"start":{"line":148,"column":26},"end":{"line":150,"column":1}},"52":{"start":{"line":149,"column":2},"end":{"line":149,"column":34}},"53":{"start":{"line":156,"column":26},"end":{"line":163,"column":1}},"54":{"start":{"line":157,"column":20},"end":{"line":157,"column":41}},"55":{"start":{"line":158,"column":17},"end":{"line":158,"column":41}},"56":{"start":{"line":159,"column":2},"end":{"line":162,"column":19}},"57":{"start":{"line":170,"column":21},"end":{"line":173,"column":1}},"58":{"start":{"line":171,"column":21},"end":{"line":171,"column":49}},"59":{"start":{"line":172,"column":2},"end":{"line":172,"column":32}},"60":{"start":{"line":180,"column":33},"end":{"line":208,"column":1}},"61":{"start":{"line":181,"column":17},"end":{"line":181,"column":19}},"62":{"start":{"line":182,"column":20},"end":{"line":182,"column":21}},"63":{"start":{"line":184,"column":2},"end":{"line":186,"column":3}},"64":{"start":{"line":185,"column":4},"end":{"line":185,"column":63}},"65":{"start":{"line":188,"column":2},"end":{"line":190,"column":3}},"66":{"start":{"line":189,"column":4},"end":{"line":189,"column":65}},"67":{"start":{"line":192,"column":2},"end":{"line":194,"column":3}},"68":{"start":{"line":193,"column":4},"end":{"line":193,"column":62}},"69":{"start":{"line":196,"column":2},"end":{"line":198,"column":3}},"70":{"start":{"line":197,"column":4},"end":{"line":197,"column":57}},"71":{"start":{"line":200,"column":2},"end":{"line":202,"column":3}},"72":{"start":{"line":201,"column":4},"end":{"line":201,"column":65}},"73":{"start":{"line":204,"column":2},"end":{"line":207,"column":4}},"74":{"start":{"line":215,"column":22},"end":{"line":227,"column":1}},"75":{"start":{"line":216,"column":2},"end":{"line":216,"column":46}},"76":{"start":{"line":216,"column":33},"end":{"line":216,"column":46}},"77":{"start":{"line":218,"column":2},"end":{"line":226,"column":29}},"78":{"start":{"line":234,"column":20},"end":{"line":243,"column":1}},"79":{"start":{"line":235,"column":17},"end":{"line":235,"column":29}},"80":{"start":{"line":236,"column":12},"end":{"line":236,"column":14}},"81":{"start":{"line":238,"column":2},"end":{"line":240,"column":3}},"82":{"start":{"line":238,"column":15},"end":{"line":238,"column":16}},"83":{"start":{"line":239,"column":4},"end":{"line":239,"column":61}},"84":{"start":{"line":242,"column":2},"end":{"line":242,"column":13}},"85":{"start":{"line":246,"column":0},"end":{"line":260,"column":2}}},"fnMap":{"0":{"name":"(anonymous_0)","decl":{"start":{"line":16,"column":21},"end":{"line":16,"column":22}},"loc":{"start":{"line":16,"column":41},"end":{"line":26,"column":1}},"line":16},"1":{"name":"(anonymous_1)","decl":{"start":{"line":34,"column":24},"end":{"line":34,"column":25}},"loc":{"start":{"line":34,"column":60},"end":{"line":42,"column":1}},"line":34},"2":{"name":"(anonymous_2)","decl":{"start":{"line":50,"column":22},"end":{"line":50,"column":23}},"loc":{"start":{"line":50,"column":53},"end":{"line":68,"column":1}},"line":50},"3":{"name":"(anonymous_3)","decl":{"start":{"line":75,"column":20},"end":{"line":75,"column":21}},"loc":{"start":{"line":75,"column":31},"end":{"line":92,"column":1}},"line":75},"4":{"name":"(anonymous_4)","decl":{"start":{"line":99,"column":29},"end":{"line":99,"column":30}},"loc":{"start":{"line":99,"column":42},"end":{"line":113,"column":1}},"line":99},"5":{"name":"(anonymous_5)","decl":{"start":{"line":120,"column":27},"end":{"line":120,"column":28}},"loc":{"start":{"line":120,"column":45},"end":{"line":133,"column":1}},"line":120},"6":{"name":"(anonymous_6)","decl":{"start":{"line":140,"column":29},"end":{"line":140,"column":30}},"loc":{"start":{"line":140,"column":46},"end":{"line":142,"column":1}},"line":140},"7":{"name":"(anonymous_7)","decl":{"start":{"line":148,"column":26},"end":{"line":148,"column":27}},"loc":{"start":{"line":148,"column":32},"end":{"line":150,"column":1}},"line":148},"8":{"name":"(anonymous_8)","decl":{"start":{"line":156,"column":26},"end":{"line":156,"column":27}},"loc":{"start":{"line":156,"column":32},"end":{"line":163,"column":1}},"line":156},"9":{"name":"(anonymous_9)","decl":{"start":{"line":170,"column":21},"end":{"line":170,"column":22}},"loc":{"start":{"line":170,"column":32},"end":{"line":173,"column":1}},"line":170},"10":{"name":"(anonymous_10)","decl":{"start":{"line":180,"column":33},"end":{"line":180,"column":34}},"loc":{"start":{"line":180,"column":47},"end":{"line":208,"column":1}},"line":180},"11":{"name":"(anonymous_11)","decl":{"start":{"line":215,"column":22},"end":{"line":215,"column":23}},"loc":{"start":{"line":215,"column":33},"end":{"line":227,"column":1}},"line":215},"12":{"name":"(anonymous_12)","decl":{"start":{"line":234,"column":20},"end":{"line":234,"column":21}},"loc":{"start":{"line":234,"column":36},"end":{"line":243,"column":1}},"line":234}},"branchMap":{"0":{"loc":{"start":{"line":50,"column":32},"end":{"line":50,"column":48}},"type":"default-arg","locations":[{"start":{"line":50,"column":44},"end":{"line":50,"column":48}}],"line":50},"1":{"loc":{"start":{"line":53,"column":4},"end":{"line":55,"column":5}},"type":"if","locations":[{"start":{"line":53,"column":4},"end":{"line":55,"column":5}},{"start":{},"end":{}}],"line":53},"2":{"loc":{"start":{"line":78,"column":4},"end":{"line":80,"column":5}},"type":"if","locations":[{"start":{"line":78,"column":4},"end":{"line":80,"column":5}},{"start":{},"end":{}}],"line":78},"3":{"loc":{"start":{"line":140,"column":30},"end":{"line":140,"column":41}},"type":"default-arg","locations":[{"start":{"line":140,"column":39},"end":{"line":140,"column":41}}],"line":140},"4":{"loc":{"start":{"line":184,"column":2},"end":{"line":186,"column":3}},"type":"if","locations":[{"start":{"line":184,"column":2},"end":{"line":186,"column":3}},{"start":{},"end":{}}],"line":184},"5":{"loc":{"start":{"line":184,"column":6},"end":{"line":184,"column":46}},"type":"binary-expr","locations":[{"start":{"line":184,"column":6},"end":{"line":184,"column":15}},{"start":{"line":184,"column":19},"end":{"line":184,"column":46}}],"line":184},"6":{"loc":{"start":{"line":188,"column":2},"end":{"line":190,"column":3}},"type":"if","locations":[{"start":{"line":188,"column":2},"end":{"line":190,"column":3}},{"start":{},"end":{}}],"line":188},"7":{"loc":{"start":{"line":192,"column":2},"end":{"line":194,"column":3}},"type":"if","locations":[{"start":{"line":192,"column":2},"end":{"line":194,"column":3}},{"start":{},"end":{}}],"line":192},"8":{"loc":{"start":{"line":196,"column":2},"end":{"line":198,"column":3}},"type":"if","locations":[{"start":{"line":196,"column":2},"end":{"line":198,"column":3}},{"start":{},"end":{}}],"line":196},"9":{"loc":{"start":{"line":200,"column":2},"end":{"line":202,"column":3}},"type":"if","locations":[{"start":{"line":200,"column":2},"end":{"line":202,"column":3}},{"start":{},"end":{}}],"line":200},"10":{"loc":{"start":{"line":216,"column":2},"end":{"line":216,"column":46}},"type":"if","locations":[{"start":{"line":216,"column":2},"end":{"line":216,"column":46}},{"start":{},"end":{}}],"line":216},"11":{"loc":{"start":{"line":234,"column":21},"end":{"line":234,"column":31}},"type":"default-arg","locations":[{"start":{"line":234,"column":30},"end":{"line":234,"column":31}}],"line":234}},"s":{"0":4,"1":4,"2":4,"3":4,"4":4,"5":149,"6":149,"7":149,"8":147,"9":2,"10":2,"11":4,"12":15,"13":15,"14":14,"15":1,"16":1,"17":4,"18":39,"19":39,"20":39,"21":1,"22":38,"23":38,"24":1,"25":1,"26":4,"27":7,"28":7,"29":7,"30":1,"31":6,"32":4,"33":3,"34":3,"35":4,"36":3,"37":3,"38":3,"39":3,"40":0,"41":0,"42":4,"43":3,"44":3,"45":3,"46":2,"47":1,"48":1,"49":4,"50":10,"51":4,"52":3,"53":4,"54":3,"55":3,"56":3,"57":4,"58":8,"59":8,"60":4,"61":7,"62":7,"63":7,"64":2,"65":7,"66":1,"67":7,"68":2,"69":7,"70":2,"71":7,"72":2,"73":7,"74":4,"75":7,"76":4,"77":3,"78":4,"79":135,"80":135,"81":135,"82":135,"83":816,"84":135,"85":4},"f":{"0":149,"1":15,"2":39,"3":7,"4":3,"5":3,"6":10,"7":3,"8":3,"9":8,"10":7,"11":7,"12":135},"b":{"0":[37],"1":[1,38],"2":[1,6],"3":[1],"4":[2,5],"5":[7,7],"6":[1,6],"7":[2,5],"8":[2,5],"9":[2,5],"10":[4,3],"11":[3]},"_coverageSchema":"1a1c01bbd47fc00a2c39e90264f33305004495a9","hash":"df7607f5ad3a3d54c307797cc0ba7e2ac2eb840b"}
,"C:\\Users\\Admin\\Desktop\\backend\\Data\\validations\\expressValidators.js": {"path":"C:\\Users\\Admin\\Desktop\\backend\\Data\\validations\\expressValidators.js","statementMap":{"0":{"start":{"line":6,"column":49},"end":{"line":6,"column":77}},"1":{"start":{"line":12,"column":31},"end":{"line":26,"column":1}},"2":{"start":{"line":13,"column":17},"end":{"line":13,"column":38}},"3":{"start":{"line":14,"column":2},"end":{"line":24,"column":3}},"4":{"start":{"line":15,"column":4},"end":{"line":23,"column":7}},"5":{"start":{"line":18,"column":43},"end":{"line":22,"column":7}},"6":{"start":{"line":25,"column":2},"end":{"line":25,"column":9}},"7":{"start":{"line":31,"column":23},"end":{"line":142,"column":1}},"8":{"start":{"line":134,"column":6},"end":{"line":136,"column":7}},"9":{"start":{"line":135,"column":8},"end":{"line":135,"column":56}},"10":{"start":{"line":137,"column":6},"end":{"line":137,"column":18}},"11":{"start":{"line":147,"column":32},"end":{"line":213,"column":1}},"12":{"start":{"line":218,"column":30},"end":{"line":467,"column":1}},"13":{"start":{"line":235,"column":8},"end":{"line":237,"column":9}},"14":{"start":{"line":236,"column":10},"end":{"line":236,"column":63}},"15":{"start":{"line":238,"column":8},"end":{"line":238,"column":20}},"16":{"start":{"line":334,"column":8},"end":{"line":336,"column":9}},"17":{"start":{"line":335,"column":10},"end":{"line":335,"column":63}},"18":{"start":{"line":337,"column":8},"end":{"line":337,"column":20}},"19":{"start":{"line":472,"column":23},"end":{"line":766,"column":1}},"20":{"start":{"line":771,"column":25},"end":{"line":820,"column":1}},"21":{"start":{"line":823,"column":0},"end":{"line":830,"column":2}}},"fnMap":{"0":{"name":"(anonymous_0)","decl":{"start":{"line":12,"column":31},"end":{"line":12,"column":32}},"loc":{"start":{"line":12,"column":51},"end":{"line":26,"column":1}},"line":12},"1":{"name":"(anonymous_1)","decl":{"start":{"line":18,"column":33},"end":{"line":18,"column":34}},"loc":{"start":{"line":18,"column":43},"end":{"line":22,"column":7}},"line":18},"2":{"name":"(anonymous_2)","decl":{"start":{"line":133,"column":35},"end":{"line":133,"column":36}},"loc":{"start":{"line":133,"column":55},"end":{"line":138,"column":5}},"line":133},"3":{"name":"(anonymous_3)","decl":{"start":{"line":234,"column":14},"end":{"line":234,"column":15}},"loc":{"start":{"line":234,"column":25},"end":{"line":239,"column":7}},"line":234},"4":{"name":"(anonymous_4)","decl":{"start":{"line":333,"column":14},"end":{"line":333,"column":15}},"loc":{"start":{"line":333,"column":25},"end":{"line":338,"column":7}},"line":333}},"branchMap":{"0":{"loc":{"start":{"line":14,"column":2},"end":{"line":24,"column":3}},"type":"if","locations":[{"start":{"line":14,"column":2},"end":{"line":24,"column":3}},{"start":{},"end":{}}],"line":14},"1":{"loc":{"start":{"line":134,"column":6},"end":{"line":136,"column":7}},"type":"if","locations":[{"start":{"line":134,"column":6},"end":{"line":136,"column":7}},{"start":{},"end":{}}],"line":134},"2":{"loc":{"start":{"line":235,"column":8},"end":{"line":237,"column":9}},"type":"if","locations":[{"start":{"line":235,"column":8},"end":{"line":237,"column":9}},{"start":{},"end":{}}],"line":235},"3":{"loc":{"start":{"line":334,"column":8},"end":{"line":336,"column":9}},"type":"if","locations":[{"start":{"line":334,"column":8},"end":{"line":336,"column":9}},{"start":{},"end":{}}],"line":334},"4":{"loc":{"start":{"line":334,"column":12},"end":{"line":334,"column":50}},"type":"binary-expr","locations":[{"start":{"line":334,"column":12},"end":{"line":334,"column":17}},{"start":{"line":334,"column":21},"end":{"line":334,"column":50}}],"line":334}},"s":{"0":1,"1":1,"2":2,"3":2,"4":0,"5":0,"6":2,"7":1,"8":0,"9":0,"10":0,"11":1,"12":1,"13":0,"14":0,"15":0,"16":0,"17":0,"18":0,"19":1,"20":1,"21":1},"f":{"0":2,"1":0,"2":0,"3":0,"4":0},"b":{"0":[0,2],"1":[0,0],"2":[0,0],"3":[0,0],"4":[0,0]},"_coverageSchema":"1a1c01bbd47fc00a2c39e90264f33305004495a9","hash":"4e00cc1022325fbf118221d61709a447de75802c"}
}
