TN:
SF:controllers\authController.js
FN:18,(anonymous_0)
FN:117,(anonymous_1)
FN:148,(anonymous_2)
FN:210,(anonymous_3)
FN:250,(anonymous_4)
FN:308,(anonymous_5)
FNF:6
FNH:1
FNDA:40,(anonymous_0)
FNDA:0,(anonymous_1)
FNDA:0,(anonymous_2)
FNDA:0,(anonymous_3)
FNDA:0,(anonymous_4)
FNDA:0,(anonymous_5)
DA:6,1
DA:7,1
DA:8,1
DA:9,1
DA:10,1
DA:18,1
DA:19,40
DA:21,40
DA:22,40
DA:23,0
DA:30,40
DA:33,40
DA:34,16
DA:35,8
DA:40,8
DA:47,8
DA:48,7
DA:49,6
DA:54,6
DA:61,1
DA:64,1
DA:71,1
DA:74,1
DA:81,1
DA:91,1
DA:93,1
DA:102,3
DA:104,3
DA:117,1
DA:118,0
DA:120,0
DA:121,0
DA:125,0
DA:132,0
DA:134,0
DA:148,1
DA:149,0
DA:150,0
DA:151,0
DA:154,0
DA:159,0
DA:160,0
DA:164,0
DA:172,0
DA:180,0
DA:183,0
DA:184,0
DA:187,0
DA:192,0
DA:195,0
DA:197,0
DA:210,1
DA:211,0
DA:212,0
DA:213,0
DA:229,0
DA:235,0
DA:237,0
DA:250,1
DA:251,0
DA:252,0
DA:253,0
DA:260,0
DA:261,0
DA:262,0
DA:268,0
DA:271,0
DA:278,0
DA:280,0
DA:285,0
DA:293,0
DA:295,0
DA:308,1
DA:309,0
DA:310,0
DA:311,0
DA:317,0
DA:318,0
DA:319,0
DA:325,0
DA:342,0
DA:344,0
DA:351,1
LF:83
LH:33
BRDA:22,0,0,0
BRDA:22,0,1,40
BRDA:34,1,0,8
BRDA:34,1,1,8
BRDA:48,2,0,6
BRDA:48,2,1,1
BRDA:120,3,0,0
BRDA:120,3,1,0
BRDA:127,4,0,0
BRDA:127,4,1,0
BRDA:137,5,0,0
BRDA:137,5,1,0
BRDA:150,6,0,0
BRDA:150,6,1,0
BRDA:151,7,0,0
BRDA:151,7,1,0
BRDA:159,8,0,0
BRDA:159,8,1,0
BRDA:183,9,0,0
BRDA:183,9,1,0
BRDA:212,10,0,0
BRDA:212,10,1,0
BRDA:252,11,0,0
BRDA:252,11,1,0
BRDA:261,12,0,0
BRDA:261,12,1,0
BRDA:310,13,0,0
BRDA:310,13,1,0
BRDA:318,14,0,0
BRDA:318,14,1,0
BRF:30
BRH:5
end_of_record
TN:
SF:middlewares\authCheckUser.js
FN:15,(anonymous_0)
FN:57,(anonymous_1)
FN:97,(anonymous_2)
FN:147,(anonymous_3)
FNF:4
FNH:1
FNDA:12,(anonymous_0)
FNDA:0,(anonymous_1)
FNDA:0,(anonymous_2)
FNDA:0,(anonymous_3)
DA:6,1
DA:15,1
DA:16,12
DA:18,12
DA:19,12
DA:26,0
DA:27,0
DA:36,0
DA:37,0
DA:42,0
DA:44,0
DA:46,0
DA:57,1
DA:58,0
DA:60,0
DA:61,0
DA:68,0
DA:69,0
DA:78,0
DA:79,0
DA:82,0
DA:84,0
DA:86,0
DA:97,1
DA:98,0
DA:100,0
DA:101,0
DA:107,0
DA:108,0
DA:111,0
DA:112,0
DA:113,0
DA:115,0
DA:119,0
DA:120,0
DA:121,0
DA:123,0
DA:127,0
DA:134,0
DA:136,0
DA:147,1
DA:148,0
DA:150,0
DA:151,0
DA:158,0
DA:159,0
DA:164,0
DA:166,0
DA:167,0
DA:175,0
DA:177,0
DA:179,0
DA:186,1
LF:53
LH:9
BRDA:18,0,0,12
BRDA:18,0,1,0
BRDA:26,1,0,0
BRDA:26,1,1,0
BRDA:36,2,0,0
BRDA:36,2,1,0
BRDA:60,3,0,0
BRDA:60,3,1,0
BRDA:68,4,0,0
BRDA:68,4,1,0
BRDA:78,5,0,0
BRDA:78,5,1,0
BRDA:100,6,0,0
BRDA:100,6,1,0
BRDA:107,7,0,0
BRDA:107,7,1,0
BRDA:111,8,0,0
BRDA:111,8,1,0
BRDA:112,9,0,0
BRDA:112,9,1,0
BRDA:119,10,0,0
BRDA:119,10,1,0
BRDA:120,11,0,0
BRDA:120,11,1,0
BRDA:150,12,0,0
BRDA:150,12,1,0
BRDA:158,13,0,0
BRDA:158,13,1,0
BRDA:166,14,0,0
BRDA:166,14,1,0
BRF:30
BRH:1
end_of_record
TN:
SF:middlewares\authVerifyToken.js
FN:15,(anonymous_0)
FN:82,(anonymous_1)
FNF:2
FNH:0
FNDA:0,(anonymous_0)
FNDA:0,(anonymous_1)
DA:6,1
DA:7,1
DA:15,1
DA:16,0
DA:19,0
DA:21,0
DA:22,0
DA:29,0
DA:30,0
DA:32,0
DA:33,0
DA:40,0
DA:41,0
DA:43,0
DA:44,0
DA:51,0
DA:60,0
DA:61,0
DA:64,0
DA:66,0
DA:69,0
DA:71,0
DA:82,1
DA:83,0
DA:85,0
DA:87,0
DA:88,0
DA:89,0
DA:90,0
DA:91,0
DA:92,0
DA:103,0
DA:106,0
DA:107,0
DA:111,1
LF:35
LH:5
BRDA:19,0,0,0
BRDA:19,0,1,0
BRDA:21,1,0,0
BRDA:21,1,1,0
BRDA:30,2,0,0
BRDA:30,2,1,0
BRDA:41,3,0,0
BRDA:41,3,1,0
BRDA:60,4,0,0
BRDA:60,4,1,0
BRDA:85,5,0,0
BRDA:85,5,1,0
BRDA:87,6,0,0
BRDA:87,6,1,0
BRDA:89,7,0,0
BRDA:89,7,1,0
BRDA:91,8,0,0
BRDA:91,8,1,0
BRF:18
BRH:0
end_of_record
TN:
SF:middlewares\errorHandler.js
FN:15,(anonymous_0)
FN:18,(anonymous_1)
FN:27,(anonymous_2)
FN:48,(anonymous_3)
FN:101,(anonymous_4)
FN:141,(anonymous_5)
FN:169,(anonymous_6)
FN:198,(anonymous_7)
FN:225,(anonymous_8)
FN:281,(anonymous_9)
FN:282,(anonymous_10)
FN:293,(anonymous_11)
FN:318,(anonymous_12)
FNF:13
FNH:13
FNDA:2,(anonymous_0)
FNDA:2,(anonymous_1)
FNDA:2,(anonymous_2)
FNDA:4,(anonymous_3)
FNDA:3,(anonymous_4)
FNDA:2,(anonymous_5)
FNDA:2,(anonymous_6)
FNDA:3,(anonymous_7)
FNDA:3,(anonymous_8)
FNDA:2,(anonymous_9)
FNDA:2,(anonymous_10)
FNDA:1,(anonymous_11)
FNDA:2,(anonymous_12)
DA:6,1
DA:15,1
DA:16,2
DA:18,2
DA:24,1
DA:27,2
DA:30,1
DA:38,1
DA:48,1
DA:49,4
DA:50,3
DA:51,3
DA:54,3
DA:56,1
DA:57,1
DA:58,1
DA:60,1
DA:61,1
DA:62,1
DA:64,1
DA:65,1
DA:68,3
DA:76,3
DA:83,3
DA:91,1
DA:101,1
DA:102,3
DA:103,1
DA:110,1
DA:117,2
DA:118,1
DA:124,1
DA:131,1
DA:141,1
DA:142,2
DA:143,1
DA:151,1
DA:159,1
DA:169,1
DA:172,2
DA:173,1
DA:180,1
DA:188,1
DA:198,1
DA:199,3
DA:200,1
DA:207,2
DA:208,1
DA:215,1
DA:225,1
DA:227,3
DA:239,3
DA:250,3
DA:254,1
DA:258,3
DA:260,3
DA:264,3
DA:281,1
DA:282,2
DA:283,2
DA:293,1
DA:294,1
DA:302,1
DA:318,1
DA:319,2
DA:320,1
DA:327,1
DA:334,1
DA:337,1
LF:69
LH:69
BRDA:16,0,0,1
BRDA:16,0,1,1
BRDA:49,1,0,3
BRDA:49,1,1,1
BRDA:49,2,0,4
BRDA:49,2,1,2
BRDA:54,3,0,1
BRDA:54,3,1,1
BRDA:54,3,2,1
BRDA:87,4,0,3
BRDA:87,4,1,0
BRDA:102,5,0,1
BRDA:102,5,1,2
BRDA:117,6,0,1
BRDA:117,6,1,1
BRDA:142,7,0,1
BRDA:142,7,1,1
BRDA:142,8,0,2
BRDA:142,8,1,2
BRDA:155,9,0,1
BRDA:155,9,1,0
BRDA:172,10,0,1
BRDA:172,10,1,1
BRDA:172,11,0,2
BRDA:172,11,1,2
BRDA:184,12,0,1
BRDA:184,12,1,0
BRDA:199,13,0,1
BRDA:199,13,1,2
BRDA:207,14,0,1
BRDA:207,14,1,1
BRDA:250,15,0,1
BRDA:250,15,1,2
BRDA:251,16,0,3
BRDA:251,16,1,3
BRDA:251,16,2,2
BRDA:258,17,0,3
BRDA:258,17,1,3
BRDA:260,18,0,0
BRDA:260,18,1,3
BRDA:268,19,0,3
BRDA:268,19,1,1
BRDA:319,20,0,1
BRDA:319,20,1,1
BRF:44
BRH:40
end_of_record
TN:
SF:middlewares\securitySanitize.js
FN:13,(anonymous_0)
FN:22,(anonymous_1)
FN:51,(anonymous_2)
FN:81,(anonymous_3)
FN:85,(anonymous_4)
FN:116,(anonymous_5)
FN:143,(anonymous_6)
FN:170,(anonymous_7)
FN:197,(anonymous_8)
FN:202,(anonymous_9)
FN:229,(anonymous_10)
FN:239,(anonymous_11)
FN:240,(anonymous_12)
FN:243,(anonymous_13)
FN:290,(anonymous_14)
FN:308,(anonymous_15)
FN:309,(anonymous_16)
FN:312,(anonymous_17)
FNF:18
FNH:18
FNDA:25,(anonymous_0)
FNDA:27,(anonymous_1)
FNDA:5,(anonymous_2)
FNDA:11,(anonymous_3)
FNDA:3,(anonymous_4)
FNDA:3,(anonymous_5)
FNDA:3,(anonymous_6)
FNDA:3,(anonymous_7)
FNDA:3,(anonymous_8)
FNDA:9,(anonymous_9)
FNDA:6,(anonymous_10)
FNDA:12,(anonymous_11)
FNDA:49,(anonymous_12)
FNDA:28,(anonymous_13)
FNDA:9,(anonymous_14)
FNDA:13,(anonymous_15)
FNDA:99,(anonymous_16)
FNDA:28,(anonymous_17)
DA:6,1
DA:8,1
DA:9,1
DA:11,1
DA:12,1
DA:13,25
DA:22,1
DA:23,27
DA:26,22
DA:29,22
DA:35,22
DA:38,22
DA:41,22
DA:43,22
DA:51,1
DA:52,5
DA:54,3
DA:81,1
DA:82,11
DA:84,6
DA:85,3
DA:88,5
DA:89,5
DA:90,12
DA:92,8
DA:96,2
DA:98,6
DA:100,4
DA:101,1
DA:103,3
DA:107,5
DA:116,1
DA:117,3
DA:118,3
DA:119,2
DA:121,2
DA:122,0
DA:126,3
DA:128,0
DA:130,0
DA:143,1
DA:144,3
DA:145,3
DA:146,2
DA:147,4
DA:148,4
DA:152,2
DA:153,0
DA:157,3
DA:159,0
DA:160,0
DA:170,1
DA:171,3
DA:172,3
DA:173,2
DA:174,3
DA:175,3
DA:179,2
DA:180,0
DA:184,3
DA:186,0
DA:187,0
DA:197,1
DA:198,3
DA:200,3
DA:202,3
DA:203,9
DA:204,9
DA:206,6
DA:207,6
DA:208,4
DA:216,3
DA:218,0
DA:219,0
DA:229,1
DA:230,6
DA:231,6
DA:239,6
DA:240,49
DA:243,6
DA:244,28
DA:245,12
DA:247,16
DA:248,15
DA:249,13
DA:252,13
DA:256,6
DA:261,3
DA:271,3
DA:277,3
DA:279,0
DA:280,0
DA:290,1
DA:291,9
DA:292,9
DA:308,9
DA:309,99
DA:312,9
DA:313,28
DA:314,13
DA:316,15
DA:317,14
DA:318,14
DA:321,8
DA:324,9
DA:329,7
DA:336,7
DA:342,2
DA:344,0
DA:345,0
DA:353,1
DA:362,1
LF:112
LH:97
BRDA:23,0,0,5
BRDA:23,0,1,22
BRDA:52,1,0,2
BRDA:52,1,1,3
BRDA:82,2,0,5
BRDA:82,2,1,6
BRDA:82,3,0,11
BRDA:82,3,1,10
BRDA:84,4,0,1
BRDA:84,4,1,5
BRDA:90,5,0,8
BRDA:90,5,1,4
BRDA:92,6,0,2
BRDA:92,6,1,6
BRDA:93,7,0,8
BRDA:93,7,1,7
BRDA:100,8,0,1
BRDA:100,8,1,3
BRDA:118,9,0,2
BRDA:118,9,1,1
BRDA:118,10,0,3
BRDA:118,10,1,3
BRDA:121,11,0,0
BRDA:121,11,1,2
BRDA:145,12,0,2
BRDA:145,12,1,1
BRDA:145,13,0,3
BRDA:145,13,1,3
BRDA:147,14,0,4
BRDA:147,14,1,0
BRDA:152,15,0,0
BRDA:152,15,1,2
BRDA:172,16,0,2
BRDA:172,16,1,1
BRDA:172,17,0,3
BRDA:172,17,1,3
BRDA:174,18,0,3
BRDA:174,18,1,0
BRDA:179,19,0,0
BRDA:179,19,1,2
BRDA:204,20,0,6
BRDA:204,20,1,3
BRDA:204,21,0,9
BRDA:204,21,1,6
BRDA:207,22,0,4
BRDA:207,22,1,2
BRDA:244,23,0,12
BRDA:244,23,1,16
BRDA:247,24,0,15
BRDA:247,24,1,1
BRDA:247,25,0,16
BRDA:247,25,1,15
BRDA:249,26,0,3
BRDA:249,26,1,10
BRDA:256,27,0,3
BRDA:256,27,1,3
BRDA:257,28,0,6
BRDA:257,28,1,5
BRDA:257,28,2,4
BRDA:313,29,0,13
BRDA:313,29,1,15
BRDA:316,30,0,14
BRDA:316,30,1,1
BRDA:316,31,0,15
BRDA:316,31,1,14
BRDA:318,32,0,7
BRDA:318,32,1,7
BRDA:324,33,0,7
BRDA:324,33,1,2
BRDA:325,34,0,9
BRDA:325,34,1,3
BRDA:325,34,2,2
BRF:72
BRH:67
end_of_record
TN:
SF:models\CreateNewUser.js
FN:160,(anonymous_0)
FN:175,(anonymous_1)
FN:192,(anonymous_2)
FN:201,(anonymous_3)
FN:219,(anonymous_4)
FN:251,(anonymous_5)
FN:268,(anonymous_6)
FN:286,(anonymous_7)
FN:298,(anonymous_8)
FN:310,(anonymous_9)
FN:329,(anonymous_10)
FN:348,(anonymous_11)
FN:358,(anonymous_12)
FN:366,(anonymous_13)
FN:373,(anonymous_14)
FN:380,(anonymous_15)
FN:387,(anonymous_16)
FN:398,(anonymous_17)
FNF:18
FNH:17
FNDA:2,(anonymous_0)
FNDA:0,(anonymous_1)
FNDA:6,(anonymous_2)
FNDA:4,(anonymous_3)
FNDA:68,(anonymous_4)
FNDA:2,(anonymous_5)
FNDA:2,(anonymous_6)
FNDA:1,(anonymous_7)
FNDA:1,(anonymous_8)
FNDA:3,(anonymous_9)
FNDA:3,(anonymous_10)
FNDA:2,(anonymous_11)
FNDA:1,(anonymous_12)
FNDA:3,(anonymous_13)
FNDA:2,(anonymous_14)
FNDA:2,(anonymous_15)
FNDA:1,(anonymous_16)
FNDA:3,(anonymous_17)
DA:6,2
DA:7,2
DA:12,2
DA:162,2
DA:163,2
DA:164,2
DA:165,2
DA:166,2
DA:167,2
DA:168,2
DA:177,0
DA:178,0
DA:179,0
DA:180,0
DA:181,0
DA:182,0
DA:183,0
DA:192,2
DA:193,6
DA:201,2
DA:202,4
DA:204,3
DA:205,3
DA:206,3
DA:207,3
DA:209,3
DA:210,0
DA:212,0
DA:213,0
DA:219,2
DA:220,68
DA:222,68
DA:223,65
DA:227,68
DA:228,65
DA:229,65
DA:235,68
DA:236,65
DA:237,65
DA:242,68
DA:244,0
DA:251,2
DA:254,2
DA:255,2
DA:259,2
DA:261,0
DA:268,2
DA:269,2
DA:270,1
DA:273,1
DA:275,1
DA:286,2
DA:289,1
DA:292,1
DA:298,2
DA:301,1
DA:304,1
DA:310,2
DA:311,3
DA:312,1
DA:315,2
DA:316,1
DA:319,1
DA:320,1
DA:321,1
DA:323,1
DA:329,2
DA:330,3
DA:331,1
DA:334,2
DA:335,1
DA:338,1
DA:339,1
DA:340,1
DA:342,1
DA:348,2
DA:349,2
DA:350,2
DA:351,2
DA:352,2
DA:358,2
DA:359,1
DA:360,1
DA:366,2
DA:367,3
DA:373,2
DA:374,2
DA:380,2
DA:381,2
DA:387,2
DA:388,1
DA:397,1
DA:399,3
DA:400,3
DA:409,2
DA:410,2
DA:411,2
DA:412,2
DA:413,2
DA:414,2
DA:419,2
LF:101
LH:89
BRDA:194,0,0,6
BRDA:194,0,1,3
BRDA:194,0,2,2
BRDA:202,1,0,1
BRDA:202,1,1,3
BRDA:209,2,0,3
BRDA:209,2,1,0
BRDA:210,3,0,0
BRDA:210,3,1,0
BRDA:222,4,0,65
BRDA:222,4,1,3
BRDA:227,5,0,65
BRDA:227,5,1,3
BRDA:227,6,0,68
BRDA:227,6,1,65
BRDA:235,7,0,65
BRDA:235,7,1,3
BRDA:235,8,0,68
BRDA:235,8,1,65
BRDA:269,9,0,1
BRDA:269,9,1,1
BRDA:311,10,0,1
BRDA:311,10,1,2
BRDA:315,11,0,1
BRDA:315,11,1,1
BRDA:330,12,0,1
BRDA:330,12,1,2
BRDA:334,13,0,1
BRDA:334,13,1,1
BRDA:348,14,0,1
BRF:30
BRH:27
end_of_record
TN:
SF:models\TrackingUserForLogout.js
FN:173,(anonymous_0)
FN:180,(anonymous_1)
FN:187,(anonymous_2)
FN:195,(anonymous_3)
FN:203,(anonymous_4)
FN:210,(anonymous_5)
FN:217,(anonymous_6)
FN:230,(anonymous_7)
FN:250,(anonymous_8)
FN:285,(anonymous_9)
FN:296,(anonymous_10)
FN:308,(anonymous_11)
FN:321,(anonymous_12)
FN:339,(anonymous_13)
FN:359,(anonymous_14)
FN:368,(anonymous_15)
FN:382,(anonymous_16)
FNF:17
FNH:0
FNDA:0,(anonymous_0)
FNDA:0,(anonymous_1)
FNDA:0,(anonymous_2)
FNDA:0,(anonymous_3)
FNDA:0,(anonymous_4)
FNDA:0,(anonymous_5)
FNDA:0,(anonymous_6)
FNDA:0,(anonymous_7)
FNDA:0,(anonymous_8)
FNDA:0,(anonymous_9)
FNDA:0,(anonymous_10)
FNDA:0,(anonymous_11)
FNDA:0,(anonymous_12)
FNDA:0,(anonymous_13)
FNDA:0,(anonymous_14)
FNDA:0,(anonymous_15)
FNDA:0,(anonymous_16)
DA:6,1
DA:11,1
DA:173,1
DA:174,0
DA:180,1
DA:181,0
DA:187,1
DA:189,0
DA:195,1
DA:197,0
DA:203,1
DA:204,0
DA:210,1
DA:211,0
DA:217,1
DA:219,0
DA:220,0
DA:221,0
DA:224,0
DA:230,1
DA:234,0
DA:237,0
DA:238,0
DA:250,1
DA:251,0
DA:253,0
DA:256,0
DA:261,0
DA:262,0
DA:263,0
DA:265,0
DA:269,0
DA:270,0
DA:271,0
DA:272,0
DA:273,0
DA:274,0
DA:275,0
DA:276,0
DA:278,0
DA:285,1
DA:289,0
DA:295,1
DA:297,0
DA:308,0
DA:309,0
DA:314,0
DA:321,1
DA:324,0
DA:326,0
DA:339,1
DA:342,0
DA:344,0
DA:359,0
DA:360,0
DA:361,0
DA:368,1
DA:369,0
DA:382,0
DA:392,1
DA:393,1
DA:394,1
DA:395,1
DA:396,1
DA:397,1
DA:398,1
DA:399,1
DA:400,1
DA:405,1
LF:69
LH:26
BRDA:219,0,0,0
BRDA:219,0,1,0
BRDA:219,1,0,0
BRDA:219,1,1,0
BRDA:219,1,2,0
BRDA:237,2,0,0
BRDA:237,2,1,0
BRDA:237,3,0,0
BRDA:237,3,1,0
BRDA:251,4,0,0
BRDA:251,4,1,0
BRDA:256,5,0,0
BRDA:256,5,1,0
BRDA:257,6,0,0
BRDA:257,6,1,0
BRDA:257,6,2,0
BRDA:262,7,0,0
BRDA:262,7,1,0
BRDA:262,8,0,0
BRDA:262,8,1,0
BRDA:269,9,0,0
BRDA:269,9,1,0
BRDA:271,10,0,0
BRDA:271,10,1,0
BRDA:273,11,0,0
BRDA:273,11,1,0
BRDA:275,12,0,0
BRDA:275,12,1,0
BRDA:287,13,0,0
BRDA:322,14,0,0
BRDA:340,15,0,0
BRF:31
BRH:0
end_of_record
TN:
SF:models\User.js
FN:80,(anonymous_0)
FN:91,(anonymous_1)
FN:105,(anonymous_2)
FN:117,(anonymous_3)
FN:136,(anonymous_4)
FN:157,(anonymous_5)
FN:173,(anonymous_6)
FN:188,(anonymous_7)
FN:196,(anonymous_8)
FN:204,(anonymous_9)
FN:212,(anonymous_10)
FN:220,(anonymous_11)
FN:228,(anonymous_12)
FN:239,(anonymous_13)
FNF:14
FNH:14
FNDA:2,(anonymous_0)
FNDA:2,(anonymous_1)
FNDA:9,(anonymous_2)
FNDA:75,(anonymous_3)
FNDA:6,(anonymous_4)
FNDA:2,(anonymous_5)
FNDA:3,(anonymous_6)
FNDA:2,(anonymous_7)
FNDA:2,(anonymous_8)
FNDA:3,(anonymous_9)
FNDA:1,(anonymous_10)
FNDA:1,(anonymous_11)
FNDA:1,(anonymous_12)
FNDA:2,(anonymous_13)
DA:7,2
DA:8,2
DA:13,2
DA:82,2
DA:83,2
DA:84,2
DA:93,2
DA:94,2
DA:95,2
DA:105,2
DA:106,9
DA:107,8
DA:108,3
DA:109,2
DA:110,1
DA:117,2
DA:118,75
DA:120,75
DA:121,0
DA:125,75
DA:126,75
DA:128,0
DA:136,2
DA:137,6
DA:138,6
DA:141,6
DA:143,2
DA:144,2
DA:147,6
DA:149,0
DA:157,2
DA:158,2
DA:159,2
DA:163,2
DA:165,0
DA:173,2
DA:174,3
DA:176,3
DA:188,2
DA:189,2
DA:196,2
DA:197,2
DA:204,2
DA:205,3
DA:212,2
DA:213,1
DA:220,2
DA:221,1
DA:228,2
DA:229,1
DA:238,1
DA:240,2
DA:241,2
DA:250,2
DA:251,2
DA:252,2
DA:257,2
LF:57
LH:53
BRDA:106,0,0,1
BRDA:106,0,1,8
BRDA:107,1,0,5
BRDA:107,1,1,3
BRDA:108,2,0,1
BRDA:108,2,1,2
BRDA:109,3,0,1
BRDA:109,3,1,1
BRDA:120,4,0,0
BRDA:120,4,1,75
BRDA:141,5,0,2
BRDA:141,5,1,4
BRF:12
BRH:11
end_of_record
TN:
SF:utils\auth.js
FN:16,(anonymous_0)
FN:34,(anonymous_1)
FN:50,(anonymous_2)
FN:75,(anonymous_3)
FN:99,(anonymous_4)
FN:120,(anonymous_5)
FN:140,(anonymous_6)
FN:148,(anonymous_7)
FN:156,(anonymous_8)
FN:170,(anonymous_9)
FN:180,(anonymous_10)
FN:215,(anonymous_11)
FN:234,(anonymous_12)
FNF:13
FNH:13
FNDA:149,(anonymous_0)
FNDA:15,(anonymous_1)
FNDA:39,(anonymous_2)
FNDA:7,(anonymous_3)
FNDA:3,(anonymous_4)
FNDA:3,(anonymous_5)
FNDA:10,(anonymous_6)
FNDA:3,(anonymous_7)
FNDA:3,(anonymous_8)
FNDA:8,(anonymous_9)
FNDA:7,(anonymous_10)
FNDA:7,(anonymous_11)
FNDA:135,(anonymous_12)
DA:6,4
DA:7,4
DA:8,4
DA:9,4
DA:16,4
DA:17,149
DA:19,149
DA:20,149
DA:21,147
DA:23,2
DA:24,2
DA:34,4
DA:35,15
DA:36,15
DA:37,14
DA:39,1
DA:40,1
DA:50,4
DA:51,39
DA:52,39
DA:53,39
DA:54,1
DA:57,38
DA:63,38
DA:65,1
DA:66,1
DA:75,4
DA:76,7
DA:77,7
DA:78,7
DA:79,1
DA:82,6
DA:87,4
DA:89,3
DA:90,3
DA:99,4
DA:100,3
DA:101,3
DA:102,3
DA:108,3
DA:110,0
DA:111,0
DA:120,4
DA:121,3
DA:122,3
DA:123,3
DA:128,2
DA:130,1
DA:131,1
DA:140,4
DA:141,10
DA:148,4
DA:149,3
DA:156,4
DA:157,3
DA:158,3
DA:159,3
DA:170,4
DA:171,8
DA:172,8
DA:180,4
DA:181,7
DA:182,7
DA:184,7
DA:185,2
DA:188,7
DA:189,1
DA:192,7
DA:193,2
DA:196,7
DA:197,2
DA:200,7
DA:201,2
DA:204,7
DA:215,4
DA:216,7
DA:218,3
DA:234,4
DA:235,135
DA:236,135
DA:238,135
DA:239,816
DA:242,135
DA:246,4
LF:84
LH:82
BRDA:50,0,0,37
BRDA:53,1,0,1
BRDA:53,1,1,38
BRDA:78,2,0,1
BRDA:78,2,1,6
BRDA:140,3,0,1
BRDA:184,4,0,2
BRDA:184,4,1,5
BRDA:184,5,0,7
BRDA:184,5,1,7
BRDA:188,6,0,1
BRDA:188,6,1,6
BRDA:192,7,0,2
BRDA:192,7,1,5
BRDA:196,8,0,2
BRDA:196,8,1,5
BRDA:200,9,0,2
BRDA:200,9,1,5
BRDA:216,10,0,4
BRDA:216,10,1,3
BRDA:234,11,0,3
BRF:21
BRH:21
end_of_record
TN:
SF:validations\expressValidators.js
FN:12,(anonymous_0)
FN:18,(anonymous_1)
FN:133,(anonymous_2)
FN:234,(anonymous_3)
FN:333,(anonymous_4)
FNF:5
FNH:1
FNDA:2,(anonymous_0)
FNDA:0,(anonymous_1)
FNDA:0,(anonymous_2)
FNDA:0,(anonymous_3)
FNDA:0,(anonymous_4)
DA:6,1
DA:12,1
DA:13,2
DA:14,2
DA:15,0
DA:18,0
DA:25,2
DA:31,1
DA:134,0
DA:135,0
DA:137,0
DA:147,1
DA:218,1
DA:235,0
DA:236,0
DA:238,0
DA:334,0
DA:335,0
DA:337,0
DA:472,1
DA:771,1
DA:823,1
LF:22
LH:11
BRDA:14,0,0,0
BRDA:14,0,1,2
BRDA:134,1,0,0
BRDA:134,1,1,0
BRDA:235,2,0,0
BRDA:235,2,1,0
BRDA:334,3,0,0
BRDA:334,3,1,0
BRDA:334,4,0,0
BRDA:334,4,1,0
BRF:10
BRH:1
end_of_record
